java.io.IOException: Cannot run program "sh": java.io.IOException: error=12, Cannot allocate memory
	at java.lang.ProcessBuilder.start(ProcessBuilder.java:475)
	at java.lang.Runtime.exec(Runtime.java:610)
	at java.lang.Runtime.exec(Runtime.java:483)
	at jline.UnixTerminal.exec(UnixTerminal.java:292)
	at jline.UnixTerminal.stty(UnixTerminal.java:268)
	at jline.UnixTerminal.initializeTerminal(UnixTerminal.java:71)
	at jline.Terminal.setupTerminal(Terminal.java:75)
	at jline.Terminal.getTerminal(Terminal.java:26)
	at sbt.ConsoleLogger$.ansiSupported(ConsoleLogger.scala:39)
	at sbt.ConsoleLogger$.<init>(ConsoleLogger.scala:34)
	at sbt.ConsoleLogger$.<clinit>(ConsoleLogger.scala)
	at sbt.GlobalLogging$.initial(GlobalLogging.scala:24)
	at sbt.StandardMain$.initialGlobalLogging(Main.scala:57)
	at sbt.StandardMain$.initialState(Main.scala:54)
	at sbt.xMain.run(Main.scala:26)
	at xsbt.boot.Launch$.run(Launch.scala:55)
	at xsbt.boot.Launch$$anonfun$explicit$1.apply(Launch.scala:45)
	at xsbt.boot.Launch$.launch(Launch.scala:69)
	at xsbt.boot.Launch$.apply(Launch.scala:16)
	at xsbt.boot.Boot$.runImpl(Boot.scala:31)
	at xsbt.boot.Boot$.main(Boot.scala:20)
	at xsbt.boot.Boot.main(Boot.scala)
Caused by: java.io.IOException: java.io.IOException: error=12, Cannot allocate memory
	at java.lang.UNIXProcess.<init>(UNIXProcess.java:164)
	at java.lang.ProcessImpl.start(ProcessImpl.java:81)
	at java.lang.ProcessBuilder.start(ProcessBuilder.java:468)
	... 21 more
[0m[[0minfo[0m] [0mLoading project definition from /home/joe/nukokusa_bot/project[0m
[0m[[0minfo[0m] [0mUpdating {file:/home/joe/nukokusa_bot/project/}default-4cad6e...[0m
[0m[[0minfo[0m] [0mResolving org.scala-sbt#sbt;0.12.0 ...[0m
[0m[[0minfo[0m] [0mResolving org.scala-sbt#main;0.12.0 ...[0m
[0m[[0minfo[0m] [0mResolving org.scala-sbt#actions;0.12.0 ...[0m
[0m[[0minfo[0m] [0mResolving org.scala-sbt#classpath;0.12.0 ...[0m
[0m[[0minfo[0m] [0mResolving org.scala-sbt#launcher-interface;0.12.0 ...[0m
[0m[[0minfo[0m] [0mResolving org.scala-lang#scala-library;2.9.2 ...[0m
[0m[[0minfo[0m] [0mResolving org.scala-sbt#interface;0.12.0 ...[0m
[0m[[0minfo[0m] [0mResolving org.scala-sbt#io;0.12.0 ...[0m
[0m[[0minfo[0m] [0mResolving org.scala-sbt#control;0.12.0 ...[0m
[0m[[0minfo[0m] [0mResolving org.scala-lang#scala-compiler;2.9.2 ...[0m
[0m[[0minfo[0m] [0mResolving org.scala-sbt#completion;0.12.0 ...[0m
[0m[[0minfo[0m] [0mResolving org.scala-sbt#collections;0.12.0 ...[0m
[0m[[0minfo[0m] [0mResolving jline#jline;1.0 ...[0m
[0m[[0minfo[0m] [0mResolving org.scala-sbt#api;0.12.0 ...[0m
[0m[[0minfo[0m] [0mResolving org.scala-sbt#compiler-integration;0.12.0 ...[0m
[0m[[0minfo[0m] [0mResolving org.scala-sbt#incremental-compiler;0.12.0 ...[0m
[0m[[0minfo[0m] [0mResolving org.scala-sbt#logging;0.12.0 ...[0m
[0m[[0minfo[0m] [0mResolving org.scala-sbt#process;0.12.0 ...[0m
[0m[[0minfo[0m] [0mResolving org.scala-sbt#compile;0.12.0 ...[0m
[0m[[0minfo[0m] [0mResolving org.scala-sbt#persist;0.12.0 ...[0m
[0m[[0minfo[0m] [0mResolving org.scala-tools.sbinary#sbinary_2.9.0;0.4.0 ...[0m
[0m[[0minfo[0m] [0mResolving org.scala-sbt#classfile;0.12.0 ...[0m
[0m[[0minfo[0m] [0mResolving org.scala-sbt#compiler-ivy-integration;0.12.0 ...[0m
[0m[[0minfo[0m] [0mResolving org.scala-sbt#ivy;0.12.0 ...[0m
[0m[[0minfo[0m] [0mResolving org.apache.ivy#ivy;2.3.0-rc1 ...[0m
[0m[[0minfo[0m] [0mResolving com.jcraft#jsch;0.1.46 ...[0m
[0m[[0minfo[0m] [0mResolving commons-httpclient#commons-httpclient;3.1 ...[0m
[0m[[0minfo[0m] [0mResolving commons-logging#commons-logging;1.0.4 ...[0m
[0m[[0minfo[0m] [0mResolving commons-codec#commons-codec;1.2 ...[0m
[0m[[0minfo[0m] [0mResolving org.scala-sbt#run;0.12.0 ...[0m
[0m[[0minfo[0m] [0mResolving org.scala-sbt#task-system;0.12.0 ...[0m
[0m[[0minfo[0m] [0mResolving org.scala-sbt#tasks;0.12.0 ...[0m
[0m[[0minfo[0m] [0mResolving org.scala-sbt#tracking;0.12.0 ...[0m
[0m[[0minfo[0m] [0mResolving org.scala-sbt#cache;0.12.0 ...[0m
[0m[[0minfo[0m] [0mResolving org.scala-sbt#testing;0.12.0 ...[0m
[0m[[0minfo[0m] [0mResolving org.scala-sbt#test-agent;0.12.0 ...[0m
[0m[[0minfo[0m] [0mResolving org.scala-tools.testing#test-interface;0.5 ...[0m
[0m[[0minfo[0m] [0mResolving org.scala-sbt#command;0.12.0 ...[0m
[0m[[0minfo[0m] [0mResolving org.scala-sbt#compiler-interface;0.12.0 ...[0m
[0m[[0minfo[0m] [0mResolving org.scala-sbt#precompiled-2_8_2;0.12.0 ...[0m
[0m[[0minfo[0m] [0mResolving org.scala-sbt#precompiled-2_10_0-m4;0.12.0 ...[0m
[0m[[0minfo[0m] [0mDone updating.[0m
[0m[[0minfo[0m] [0mSet current project to Nukokusa Bot (in build file:/home/joe/nukokusa_bot/)[0m
[0m[[0minfo[0m] [0mUpdating {file:/home/joe/nukokusa_bot/}default-22f8b2...[0m
[0m[[0minfo[0m] [0mResolving org.scala-lang#scala-library;2.10.0 ...[0m
[0m[[0minfo[0m] [0mResolving org.twitter4j#twitter4j-core;3.0.3 ...[0m
[0m[[0minfo[0m] [0mResolving org.twitter4j#twitter4j-stream;3.0.3 ...[0m
[0m[[0minfo[0m] [0mResolving com.github.aselab#scala-activerecord_2.10;0.2.2 ...[0m
[0m[[0minfo[0m] [0mResolving com.github.aselab#squeryl_2.10;0.9.6-M1 ...[0m
[0m[[0minfo[0m] [0mResolving cglib#cglib-nodep;2.2 ...[0m
[0m[[0minfo[0m] [0mResolving org.scala-lang#scalap;2.10.0 ...[0m
[0m[[0minfo[0m] [0mResolving org.scala-lang#scala-compiler;2.10.0 ...[0m
[0m[[0minfo[0m] [0mResolving org.scala-lang#scala-reflect;2.10.0 ...[0m
[0m[[0minfo[0m] [0mResolving com.typesafe#config;1.0.0 ...[0m
[0m[[0minfo[0m] [0mResolving com.jolbox#bonecp;0.7.1.RELEASE ...[0m
[0m[[0minfo[0m] [0mResolving com.jolbox#bonecp-parent;0.7.1.RELEASE ...[0m
[0m[[0minfo[0m] [0mResolving com.google.guava#guava;r08 ...[0m
[0m[[0minfo[0m] [0mResolving com.google#google;5 ...[0m
[0m[[0minfo[0m] [0mResolving org.slf4j#slf4j-api;1.5.10 ...[0m
[0m[[0minfo[0m] [0mResolving org.slf4j#slf4j-parent;1.5.10 ...[0m
[0m[[0minfo[0m] [0mResolving io.backchat.inflector#scala-inflector_2.10;1.3.5 ...[0m
[0m[[0minfo[0m] [0mResolving com.github.nscala-time#nscala-time_2.10;0.2.0 ...[0m
[0m[[0minfo[0m] [0mResolving joda-time#joda-time;2.1 ...[0m
[0m[[0minfo[0m] [0mResolving org.joda#joda-convert;1.2 ...[0m
[0m[[0minfo[0m] [0mResolving commons-validator#commons-validator;1.4.0 ...[0m
[0m[[0minfo[0m] [0mResolving org.apache.commons#commons-parent;23 ...[0m
[0m[[0minfo[0m] [0mResolving org.apache#apache;9 ...[0m
[0m[[0minfo[0m] [0mResolving commons-beanutils#commons-beanutils;1.8.3 ...[0m
[0m[[0minfo[0m] [0mResolving org.apache.commons#commons-parent;14 ...[0m
[0m[[0minfo[0m] [0mResolving org.apache#apache;7 ...[0m
[0m[[0minfo[0m] [0mResolving commons-logging#commons-logging;1.1.1 ...[0m
[0m[[0minfo[0m] [0mResolving org.apache.commons#commons-parent;5 ...[0m
[0m[[0minfo[0m] [0mResolving org.apache#apache;4 ...[0m
[0m[[0minfo[0m] [0mResolving commons-digester#commons-digester;1.8 ...[0m
[0m[[0minfo[0m] [0mResolving org.slf4j#slf4j-api;1.7.2 ...[0m
[0m[[0minfo[0m] [0mResolving mysql#mysql-connector-java;5.1.22 ...[0m
[0m[[0minfo[0m] [0mResolving commons-codec#commons-codec;1.7 ...[0m
[0m[[0minfo[0m] [0mResolving org.xerial#sqlite-jdbc;3.7.2 ...[0m
[0m[[0minfo[0m] [0mResolving com.typesafe#scalalogging-slf4j_2.10;1.0.1 ...[0m
[0m[[0minfo[0m] [0mResolving ch.qos.logback#logback-core;1.0.9 ...[0m
[0m[[0minfo[0m] [0mResolving ch.qos.logback#logback-classic;1.0.9 ...[0m
[0m[[0minfo[0m] [0mResolving org.scala-lang#scala-actors;2.10.0 ...[0m
[0m[[0minfo[0m] [0mResolving org.scalatest#scalatest_2.10;1.9.1 ...[0m
[0m[[0minfo[0m] [0mdownloading http://oss.sonatype.org/content/repositories/releases/com/github/aselab/scala-activerecord_2.10/0.2.2/scala-activerecord_2.10-0.2.2.jar ...[0m
[0m[[0minfo[0m] [0m	[SUCCESSFUL ] com.github.aselab#scala-activerecord_2.10;0.2.2!scala-activerecord_2.10.jar (2576ms)[0m
[0m[[0minfo[0m] [0mdownloading http://repo1.maven.org/maven2/mysql/mysql-connector-java/5.1.22/mysql-connector-java-5.1.22.jar ...[0m
[0m[[0minfo[0m] [0m	[SUCCESSFUL ] mysql#mysql-connector-java;5.1.22!mysql-connector-java.jar (168ms)[0m
[0m[[0minfo[0m] [0mdownloading http://oss.sonatype.org/content/repositories/releases/com/github/aselab/squeryl_2.10/0.9.6-M1/squeryl_2.10-0.9.6-M1.jar ...[0m
[0m[[0minfo[0m] [0m	[SUCCESSFUL ] com.github.aselab#squeryl_2.10;0.9.6-M1!squeryl_2.10.jar (3689ms)[0m
[0m[[0minfo[0m] [0mdownloading http://oss.sonatype.org/content/repositories/releases/com/typesafe/config/1.0.0/config-1.0.0.jar ...[0m
[0m[[0minfo[0m] [0m	[SUCCESSFUL ] com.typesafe#config;1.0.0!config.jar(bundle) (1716ms)[0m
[0m[[0minfo[0m] [0mdownloading http://oss.sonatype.org/content/repositories/releases/com/jolbox/bonecp/0.7.1.RELEASE/bonecp-0.7.1.RELEASE.jar ...[0m
[0m[[0minfo[0m] [0m	[SUCCESSFUL ] com.jolbox#bonecp;0.7.1.RELEASE!bonecp.jar(bundle) (907ms)[0m
[0m[[0minfo[0m] [0mdownloading http://oss.sonatype.org/content/repositories/releases/io/backchat/inflector/scala-inflector_2.10/1.3.5/scala-inflector_2.10-1.3.5.jar ...[0m
[0m[[0minfo[0m] [0m	[SUCCESSFUL ] io.backchat.inflector#scala-inflector_2.10;1.3.5!scala-inflector_2.10.jar (792ms)[0m
[0m[[0minfo[0m] [0mdownloading http://oss.sonatype.org/content/repositories/releases/com/github/nscala-time/nscala-time_2.10/0.2.0/nscala-time_2.10-0.2.0.jar ...[0m
[0m[[0minfo[0m] [0m	[SUCCESSFUL ] com.github.nscala-time#nscala-time_2.10;0.2.0!nscala-time_2.10.jar (919ms)[0m
[0m[[0minfo[0m] [0mdownloading http://repo1.maven.org/maven2/commons-validator/commons-validator/1.4.0/commons-validator-1.4.0.jar ...[0m
[0m[[0minfo[0m] [0m	[SUCCESSFUL ] commons-validator#commons-validator;1.4.0!commons-validator.jar (180ms)[0m
[0m[[0minfo[0m] [0mdownloading http://repo1.maven.org/maven2/cglib/cglib-nodep/2.2/cglib-nodep-2.2.jar ...[0m
[0m[[0minfo[0m] [0m	[SUCCESSFUL ] cglib#cglib-nodep;2.2!cglib-nodep.jar (119ms)[0m
[0m[[0minfo[0m] [0mdownloading http://oss.sonatype.org/content/repositories/releases/org/scala-lang/scalap/2.10.0/scalap-2.10.0.jar ...[0m
[0m[[0minfo[0m] [0m	[SUCCESSFUL ] org.scala-lang#scalap;2.10.0!scalap.jar (2320ms)[0m
[0m[[0minfo[0m] [0mdownloading http://oss.sonatype.org/content/repositories/releases/com/google/guava/guava/r08/guava-r08.jar ...[0m
[0m[[0minfo[0m] [0m	[SUCCESSFUL ] com.google.guava#guava;r08!guava.jar (2486ms)[0m
[0m[[0minfo[0m] [0mdownloading http://repo1.maven.org/maven2/joda-time/joda-time/2.1/joda-time-2.1.jar ...[0m
[0m[[0minfo[0m] [0m	[SUCCESSFUL ] joda-time#joda-time;2.1!joda-time.jar (82ms)[0m
[0m[[0minfo[0m] [0mdownloading http://repo1.maven.org/maven2/org/joda/joda-convert/1.2/joda-convert-1.2.jar ...[0m
[0m[[0minfo[0m] [0m	[SUCCESSFUL ] org.joda#joda-convert;1.2!joda-convert.jar (148ms)[0m
[0m[[0minfo[0m] [0mdownloading http://repo1.maven.org/maven2/commons-beanutils/commons-beanutils/1.8.3/commons-beanutils-1.8.3.jar ...[0m
[0m[[0minfo[0m] [0m	[SUCCESSFUL ] commons-beanutils#commons-beanutils;1.8.3!commons-beanutils.jar (49ms)[0m
[0m[[0minfo[0m] [0mdownloading http://repo1.maven.org/maven2/commons-digester/commons-digester/1.8/commons-digester-1.8.jar ...[0m
[0m[[0minfo[0m] [0m	[SUCCESSFUL ] commons-digester#commons-digester;1.8!commons-digester.jar (57ms)[0m
[0m[[0minfo[0m] [0mdownloading http://repo1.maven.org/maven2/commons-logging/commons-logging/1.1.1/commons-logging-1.1.1.jar ...[0m
[0m[[0minfo[0m] [0m	[SUCCESSFUL ] commons-logging#commons-logging;1.1.1!commons-logging.jar (27ms)[0m
[0m[[0minfo[0m] [0mDone updating.[0m
[0m[[0minfo[0m] [0mCompiling 14 Scala sources to /home/joe/nukokusa_bot/target/scala-2.10/classes...[0m
java.io.IOException: Cannot run program "sh": java.io.IOException: error=12, Cannot allocate memory
	at java.lang.ProcessBuilder.start(ProcessBuilder.java:475)
	at java.lang.Runtime.exec(Runtime.java:610)
	at java.lang.Runtime.exec(Runtime.java:483)
	at jline.UnixTerminal.exec(UnixTerminal.java:292)
	at jline.UnixTerminal.stty(UnixTerminal.java:268)
	at jline.UnixTerminal.initializeTerminal(UnixTerminal.java:71)
	at jline.Terminal.setupTerminal(Terminal.java:75)
	at jline.Terminal.getTerminal(Terminal.java:26)
	at sbt.ConsoleLogger$.ansiSupported(ConsoleLogger.scala:39)
	at sbt.ConsoleLogger$.<init>(ConsoleLogger.scala:34)
	at sbt.ConsoleLogger$.<clinit>(ConsoleLogger.scala)
	at sbt.GlobalLogging$.initial(GlobalLogging.scala:24)
	at sbt.StandardMain$.initialGlobalLogging(Main.scala:57)
	at sbt.StandardMain$.initialState(Main.scala:54)
	at sbt.xMain.run(Main.scala:26)
	at xsbt.boot.Launch$.run(Launch.scala:55)
	at xsbt.boot.Launch$$anonfun$explicit$1.apply(Launch.scala:45)
	at xsbt.boot.Launch$.launch(Launch.scala:69)
	at xsbt.boot.Launch$.apply(Launch.scala:16)
	at xsbt.boot.Boot$.runImpl(Boot.scala:31)
	at xsbt.boot.Boot$.main(Boot.scala:20)
	at xsbt.boot.Boot.main(Boot.scala)
Caused by: java.io.IOException: java.io.IOException: error=12, Cannot allocate memory
	at java.lang.UNIXProcess.<init>(UNIXProcess.java:164)
	at java.lang.ProcessImpl.start(ProcessImpl.java:81)
	at java.lang.ProcessBuilder.start(ProcessBuilder.java:468)
	... 21 more
[0m[[0minfo[0m] [0mLoading project definition from /home/joe/nukokusa_bot/project[0m
[0m[[0minfo[0m] [0mSet current project to Nukokusa Bot (in build file:/home/joe/nukokusa_bot/)[0m
[0m[[0minfo[0m] [0mRunning jp.nukokusabot.Main [0m
03:22:17,352 |-INFO in ch.qos.logback.classic.LoggerContext[default] - Could NOT find resource [logback.groovy]
03:22:17,353 |-INFO in ch.qos.logback.classic.LoggerContext[default] - Could NOT find resource [logback-test.xml]
03:22:17,353 |-INFO in ch.qos.logback.classic.LoggerContext[default] - Found resource [logback.xml] at [file:/home/joe/nukokusa_bot/target/scala-2.10/classes/logback.xml]
03:22:17,772 |-INFO in ch.qos.logback.classic.joran.action.ConfigurationAction - debug attribute not set
03:22:17,792 |-ERROR in ch.qos.logback.core.util.ContextUtil@436dc3e6 - Failed to get local hostname java.net.UnknownHostException: dti-vps-srv89: dti-vps-srv89
	at java.net.UnknownHostException: dti-vps-srv89: dti-vps-srv89
	at 	at java.net.InetAddress.getLocalHost(InetAddress.java:1426)
	at 	at ch.qos.logback.core.util.ContextUtil.getLocalHostName(ContextUtil.java:32)
	at 	at ch.qos.logback.core.util.ContextUtil.addHostNameAsProperty(ContextUtil.java:41)
	at 	at ch.qos.logback.classic.joran.action.ConfigurationAction.begin(ConfigurationAction.java:56)
	at 	at ch.qos.logback.core.joran.spi.Interpreter.callBeginAction(Interpreter.java:276)
	at 	at ch.qos.logback.core.joran.spi.Interpreter.startElement(Interpreter.java:148)
	at 	at ch.qos.logback.core.joran.spi.Interpreter.startElement(Interpreter.java:130)
	at 	at ch.qos.logback.core.joran.spi.EventPlayer.play(EventPlayer.java:50)
	at 	at ch.qos.logback.core.joran.GenericConfigurator.doConfigure(GenericConfigurator.java:157)
	at 	at ch.qos.logback.core.joran.GenericConfigurator.doConfigure(GenericConfigurator.java:143)
	at 	at ch.qos.logback.core.joran.GenericConfigurator.doConfigure(GenericConfigurator.java:106)
	at 	at ch.qos.logback.core.joran.GenericConfigurator.doConfigure(GenericConfigurator.java:56)
	at 	at ch.qos.logback.classic.util.ContextInitializer.configureByResource(ContextInitializer.java:75)
	at 	at ch.qos.logback.classic.util.ContextInitializer.autoConfig(ContextInitializer.java:148)
	at 	at org.slf4j.impl.StaticLoggerBinder.init(StaticLoggerBinder.java:85)
	at 	at org.slf4j.impl.StaticLoggerBinder.<clinit>(StaticLoggerBinder.java:55)
	at 	at java.lang.Class.forName0(Native Method)
	at 	at java.lang.Class.forName(Class.java:186)
	at 	at twitter4j.internal.logging.Logger.getLoggerFactoryIfAvailable(Logger.java:82)
	at 	at twitter4j.internal.logging.Logger.<clinit>(Logger.java:50)
	at 	at twitter4j.auth.OAuthAuthorization.<clinit>(OAuthAuthorization.java:46)
	at 	at twitter4j.auth.AuthorizationFactory.getInstance(AuthorizationFactory.java:40)
	at 	at twitter4j.TwitterFactory.<clinit>(TwitterFactory.java:39)
	at 	at jp.nukokusabot.NukokusaBot.<init>(NukokusaBot.scala:11)
	at 	at jp.nukokusabot.Main$.main(Main.scala:7)
	at 	at jp.nukokusabot.Main.main(Main.scala)
	at 	at sun.reflect.NativeMethodAccessorImpl.invoke0(Native Method)
	at 	at sun.reflect.NativeMethodAccessorImpl.invoke(NativeMethodAccessorImpl.java:57)
	at 	at sun.reflect.DelegatingMethodAccessorImpl.invoke(DelegatingMethodAccessorImpl.java:43)
	at 	at java.lang.reflect.Method.invoke(Method.java:616)
	at 	at sbt.Run.invokeMain(Run.scala:68)
	at 	at sbt.Run.run0(Run.scala:61)
	at 	at sbt.Run.execute$1(Run.scala:50)
	at 	at sbt.Run$$anonfun$run$1.apply$mcV$sp(Run.scala:54)
	at 	at sbt.TrapExit$.executeMain$1(TrapExit.scala:33)
	at 	at sbt.TrapExit$$anon$1.run(TrapExit.scala:42)
03:22:17,792 |-INFO in ch.qos.logback.core.joran.action.AppenderAction - About to instantiate appender of type [ch.qos.logback.core.rolling.RollingFileAppender]
03:22:17,847 |-INFO in ch.qos.logback.core.joran.action.AppenderAction - Naming appender as [logfile]
03:22:17,958 |-ERROR in ch.qos.logback.core.joran.spi.Interpreter@5:15 - no applicable action for [Encoding], current pattern is [[configuration][appender][Encoding]]
03:22:18,102 |-INFO in c.q.l.core.rolling.TimeBasedRollingPolicy - No compression will be used
03:22:18,105 |-INFO in c.q.l.core.rolling.TimeBasedRollingPolicy - Will use the pattern log/nb.%d.log for the active file
03:22:18,195 |-INFO in c.q.l.core.rolling.DefaultTimeBasedFileNamingAndTriggeringPolicy - The date pattern is 'yyyy-MM-dd' from file name pattern 'log/nb.%d.log'.
03:22:18,196 |-INFO in c.q.l.core.rolling.DefaultTimeBasedFileNamingAndTriggeringPolicy - Roll-over at midnight.
03:22:18,203 |-INFO in c.q.l.core.rolling.DefaultTimeBasedFileNamingAndTriggeringPolicy - Setting initial period to Sun May 12 03:18:50 JST 2013
03:22:18,505 |-WARN in ch.qos.logback.core.rolling.RollingFileAppender[logfile] - This appender no longer admits a layout as a sub-component, set an encoder instead.
03:22:18,539 |-WARN in ch.qos.logback.core.rolling.RollingFileAppender[logfile] - To ensure compatibility, wrapping your layout in LayoutWrappingEncoder.
03:22:18,539 |-WARN in ch.qos.logback.core.rolling.RollingFileAppender[logfile] - See also http://logback.qos.ch/codes.html#layoutInsteadOfEncoder for details
03:22:18,540 |-INFO in ch.qos.logback.core.rolling.RollingFileAppender[logfile] - Active log file name: log/nb.log
03:22:18,540 |-INFO in ch.qos.logback.core.rolling.RollingFileAppender[logfile] - File property is set to [log/nb.log]
03:22:18,543 |-INFO in ch.qos.logback.classic.joran.action.LevelAction - ROOT level set to INFO
03:22:18,543 |-INFO in ch.qos.logback.core.joran.action.AppenderRefAction - Attaching appender named [logfile] to Logger[ROOT]
03:22:18,544 |-INFO in ch.qos.logback.classic.joran.action.ConfigurationAction - End of configuration.
03:22:18,547 |-INFO in ch.qos.logback.classic.joran.JoranConfigurator@3da1a93 - Registering current configuration as safe fallback point

1937年5月12日 - ロンドンのウェストミンスター寺院で英国王ジョージ6世の戴冠式が行なわれる。 [2013-05-12 06:00:21]
1373年5月13日 - ノリッチのジュリアンが、後に『神の愛の十六の啓示』としてまとめられる幻視（英語版）を見る。 [2013-05-13 06:00:33]
@nukokusa_bot 愛がほしい
@nukokusa_bot 金が欲しい
@nukokusa 闇金ウシジマくん(28) (ビッグ コミックス〔スピリッツ〕) 580円 http://t.co/pCO15HOr1h [2013-05-13 10:13:09]
1948年5月14日 - イスラエルが建国を宣言。同日、アラブ連盟5ヶ国がイスラエルへの戦争を宣言し、第一次中東戦争が始まる。 [2013-05-14 06:00:41]
@JO_RI 再起動しましたよ @nukokusa_bot
1858年5月15日 - ロンドンの現在のロイヤル・オペラ・ハウスが開場。 [2013-05-15 06:00:49]
1960年5月16日 - セオドア・メイマンがルビー結晶によるレーザー発振（ルビーレーザー）を初めて実現。 [2013-05-16 06:00:56]
@nukokusa_bot 暇
2007年5月17日 - ロシア正教会と在外ロシア正教会の和解が成立。 [2013-05-17 06:00:03]
1933年5月18日 - ニューディール政策の重要政策であるテネシー川流域開発公社を設置する法律が成立。 [2013-05-18 06:00:13]
Stream closed.
Relevant discussions can be found on the Internet at:
	http://www.google.co.jp/search?q=a8fd061d or
	http://www.google.co.jp/search?q=00070a0c
TwitterException{exceptionCode=[a8fd061d-00070a0c a8fd061d-0007099a], statusCode=-1, message=null, code=-1, retryAfter=-1, rateLimitStatus=null, version=3.0.3}
	at twitter4j.StatusStreamBase.handleNextElement(StatusStreamBase.java:199)
	at twitter4j.StatusStreamImpl.next(StatusStreamImpl.java:57)
	at twitter4j.TwitterStreamImpl$TwitterStreamConsumer.run(TwitterStreamImpl.java:478)
Caused by: java.net.SocketTimeoutException: Read timed out
	at java.net.SocketInputStream.socketRead0(Native Method)
	at java.net.SocketInputStream.read(SocketInputStream.java:146)
	at sun.security.ssl.InputRecord.readFully(InputRecord.java:312)
	at sun.security.ssl.InputRecord.read(InputRecord.java:350)
	at sun.security.ssl.SSLSocketImpl.readRecord(SSLSocketImpl.java:850)
	at sun.security.ssl.SSLSocketImpl.readDataRecord(SSLSocketImpl.java:807)
	at sun.security.ssl.AppInputStream.read(AppInputStream.java:94)
	at java.io.BufferedInputStream.read1(BufferedInputStream.java:273)
	at java.io.BufferedInputStream.read(BufferedInputStream.java:334)
	at java.io.FilterInputStream.read(FilterInputStream.java:133)
	at sun.net.www.protocol.http.HttpURLConnection$HttpInputStream.read(HttpURLConnection.java:2582)
	at sun.nio.cs.StreamDecoder.readBytes(StreamDecoder.java:282)
	at sun.nio.cs.StreamDecoder.implRead(StreamDecoder.java:324)
	at sun.nio.cs.StreamDecoder.read(StreamDecoder.java:176)
	at java.io.InputStreamReader.read(InputStreamReader.java:184)
	at java.io.BufferedReader.fill(BufferedReader.java:153)
	at java.io.BufferedReader.readLine(BufferedReader.java:316)
	at java.io.BufferedReader.readLine(BufferedReader.java:379)
	at twitter4j.StatusStreamBase.handleNextElement(StatusStreamBase.java:85)
	... 2 more
Stream closed.
Relevant discussions can be found on the Internet at:
	http://www.google.co.jp/search?q=a8fd061d or
	http://www.google.co.jp/search?q=00070a0c
TwitterException{exceptionCode=[a8fd061d-00070a0c a8fd061d-0007099a], statusCode=-1, message=null, code=-1, retryAfter=-1, rateLimitStatus=null, version=3.0.3}
	at twitter4j.StatusStreamBase.handleNextElement(StatusStreamBase.java:199)
	at twitter4j.StatusStreamImpl.next(StatusStreamImpl.java:57)
	at twitter4j.TwitterStreamImpl$TwitterStreamConsumer.run(TwitterStreamImpl.java:478)
Caused by: java.net.SocketTimeoutException: Read timed out
	at java.net.SocketInputStream.socketRead0(Native Method)
	at java.net.SocketInputStream.read(SocketInputStream.java:146)
	at sun.security.ssl.InputRecord.readFully(InputRecord.java:312)
	at sun.security.ssl.InputRecord.read(InputRecord.java:350)
	at sun.security.ssl.SSLSocketImpl.readRecord(SSLSocketImpl.java:850)
	at sun.security.ssl.SSLSocketImpl.readDataRecord(SSLSocketImpl.java:807)
	at sun.security.ssl.AppInputStream.read(AppInputStream.java:94)
	at java.io.BufferedInputStream.read1(BufferedInputStream.java:273)
	at java.io.BufferedInputStream.read(BufferedInputStream.java:334)
	at java.io.FilterInputStream.read(FilterInputStream.java:133)
	at sun.net.www.protocol.http.HttpURLConnection$HttpInputStream.read(HttpURLConnection.java:2582)
	at sun.nio.cs.StreamDecoder.readBytes(StreamDecoder.java:282)
	at sun.nio.cs.StreamDecoder.implRead(StreamDecoder.java:324)
	at sun.nio.cs.StreamDecoder.read(StreamDecoder.java:176)
	at java.io.InputStreamReader.read(InputStreamReader.java:184)
	at java.io.BufferedReader.fill(BufferedReader.java:153)
	at java.io.BufferedReader.readLine(BufferedReader.java:316)
	at java.io.BufferedReader.readLine(BufferedReader.java:379)
	at twitter4j.StatusStreamBase.handleNextElement(StatusStreamBase.java:85)
	... 2 more
Stream closed.
Relevant discussions can be found on the Internet at:
	http://www.google.co.jp/search?q=a8fd061d or
	http://www.google.co.jp/search?q=00070a0c
TwitterException{exceptionCode=[a8fd061d-00070a0c a8fd061d-0007099a], statusCode=-1, message=null, code=-1, retryAfter=-1, rateLimitStatus=null, version=3.0.3}
	at twitter4j.StatusStreamBase.handleNextElement(StatusStreamBase.java:199)
	at twitter4j.StatusStreamImpl.next(StatusStreamImpl.java:57)
	at twitter4j.TwitterStreamImpl$TwitterStreamConsumer.run(TwitterStreamImpl.java:478)
Caused by: java.net.SocketTimeoutException: Read timed out
	at java.net.SocketInputStream.socketRead0(Native Method)
	at java.net.SocketInputStream.read(SocketInputStream.java:146)
	at sun.security.ssl.InputRecord.readFully(InputRecord.java:312)
	at sun.security.ssl.InputRecord.read(InputRecord.java:350)
	at sun.security.ssl.SSLSocketImpl.readRecord(SSLSocketImpl.java:850)
	at sun.security.ssl.SSLSocketImpl.readDataRecord(SSLSocketImpl.java:807)
	at sun.security.ssl.AppInputStream.read(AppInputStream.java:94)
	at java.io.BufferedInputStream.fill(BufferedInputStream.java:235)
	at java.io.BufferedInputStream.read1(BufferedInputStream.java:275)
	at java.io.BufferedInputStream.read(BufferedInputStream.java:334)
	at java.io.FilterInputStream.read(FilterInputStream.java:133)
	at sun.net.www.protocol.http.HttpURLConnection$HttpInputStream.read(HttpURLConnection.java:2582)
	at sun.nio.cs.StreamDecoder.readBytes(StreamDecoder.java:282)
	at sun.nio.cs.StreamDecoder.implRead(StreamDecoder.java:324)
	at sun.nio.cs.StreamDecoder.read(StreamDecoder.java:176)
	at java.io.InputStreamReader.read(InputStreamReader.java:184)
	at java.io.BufferedReader.fill(BufferedReader.java:153)
	at java.io.BufferedReader.readLine(BufferedReader.java:316)
	at java.io.BufferedReader.readLine(BufferedReader.java:379)
	at twitter4j.StatusStreamBase.handleNextElement(StatusStreamBase.java:85)
	... 2 more
Stream closed.
Relevant discussions can be found on the Internet at:
	http://www.google.co.jp/search?q=a8fd061d or
	http://www.google.co.jp/search?q=00070a0c
TwitterException{exceptionCode=[a8fd061d-00070a0c a8fd061d-0007099a], statusCode=-1, message=null, code=-1, retryAfter=-1, rateLimitStatus=null, version=3.0.3}
	at twitter4j.StatusStreamBase.handleNextElement(StatusStreamBase.java:199)
	at twitter4j.StatusStreamImpl.next(StatusStreamImpl.java:57)
	at twitter4j.TwitterStreamImpl$TwitterStreamConsumer.run(TwitterStreamImpl.java:478)
Caused by: java.net.SocketTimeoutException: Read timed out
	at java.net.SocketInputStream.socketRead0(Native Method)
	at java.net.SocketInputStream.read(SocketInputStream.java:146)
	at sun.security.ssl.InputRecord.readFully(InputRecord.java:312)
	at sun.security.ssl.InputRecord.read(InputRecord.java:350)
	at sun.security.ssl.SSLSocketImpl.readRecord(SSLSocketImpl.java:850)
	at sun.security.ssl.SSLSocketImpl.readDataRecord(SSLSocketImpl.java:807)
	at sun.security.ssl.AppInputStream.read(AppInputStream.java:94)
	at java.io.BufferedInputStream.fill(BufferedInputStream.java:235)
	at java.io.BufferedInputStream.read1(BufferedInputStream.java:275)
	at java.io.BufferedInputStream.read(BufferedInputStream.java:334)
	at java.io.FilterInputStream.read(FilterInputStream.java:133)
	at sun.net.www.protocol.http.HttpURLConnection$HttpInputStream.read(HttpURLConnection.java:2582)
	at sun.nio.cs.StreamDecoder.readBytes(StreamDecoder.java:282)
	at sun.nio.cs.StreamDecoder.implRead(StreamDecoder.java:324)
	at sun.nio.cs.StreamDecoder.read(StreamDecoder.java:176)
	at java.io.InputStreamReader.read(InputStreamReader.java:184)
	at java.io.BufferedReader.fill(BufferedReader.java:153)
	at java.io.BufferedReader.readLine(BufferedReader.java:316)
	at java.io.BufferedReader.readLine(BufferedReader.java:379)
	at twitter4j.StatusStreamBase.handleNextElement(StatusStreamBase.java:85)
	... 2 more
Read timed out
Relevant discussions can be found on the Internet at:
	http://www.google.co.jp/search?q=56b1dad5 or
	http://www.google.co.jp/search?q=1fca685b
TwitterException{exceptionCode=[56b1dad5-1fca685b 56b1dad5-1fca6831], statusCode=-1, message=null, code=-1, retryAfter=-1, rateLimitStatus=null, version=3.0.3}
	at twitter4j.internal.http.HttpClientImpl.request(HttpClientImpl.java:192)
	at twitter4j.internal.http.HttpClientWrapper.request(HttpClientWrapper.java:61)
	at twitter4j.internal.http.HttpClientWrapper.post(HttpClientWrapper.java:98)
	at twitter4j.TwitterStreamImpl.getUserStream(TwitterStreamImpl.java:228)
	at twitter4j.TwitterStreamImpl$5.getStream(TwitterStreamImpl.java:200)
	at twitter4j.TwitterStreamImpl$TwitterStreamConsumer.run(TwitterStreamImpl.java:462)
Caused by: java.net.SocketTimeoutException: Read timed out
	at java.net.SocketInputStream.socketRead0(Native Method)
	at java.net.SocketInputStream.read(SocketInputStream.java:146)
	at sun.security.ssl.InputRecord.readFully(InputRecord.java:312)
	at sun.security.ssl.InputRecord.read(InputRecord.java:350)
	at sun.security.ssl.SSLSocketImpl.readRecord(SSLSocketImpl.java:850)
	at sun.security.ssl.SSLSocketImpl.performInitialHandshake(SSLSocketImpl.java:1190)
	at sun.security.ssl.SSLSocketImpl.startHandshake(SSLSocketImpl.java:1217)
	at sun.security.ssl.SSLSocketImpl.startHandshake(SSLSocketImpl.java:1201)
	at sun.net.www.protocol.https.HttpsClient.afterConnect(HttpsClient.java:440)
	at sun.net.www.protocol.https.AbstractDelegateHttpsURLConnection.connect(AbstractDelegateHttpsURLConnection.java:185)
	at sun.net.www.protocol.http.HttpURLConnection.getOutputStream(HttpURLConnection.java:979)
	at sun.net.www.protocol.https.HttpsURLConnectionImpl.getOutputStream(HttpsURLConnectionImpl.java:250)
	at twitter4j.internal.http.HttpClientImpl.request(HttpClientImpl.java:150)
	... 5 more
connect timed out
Relevant discussions can be found on the Internet at:
	http://www.google.co.jp/search?q=56b1dad5 or
	http://www.google.co.jp/search?q=1fca685b
TwitterException{exceptionCode=[56b1dad5-1fca685b 56b1dad5-1fca6831], statusCode=-1, message=null, code=-1, retryAfter=-1, rateLimitStatus=null, version=3.0.3}
	at twitter4j.internal.http.HttpClientImpl.request(HttpClientImpl.java:192)
	at twitter4j.internal.http.HttpClientWrapper.request(HttpClientWrapper.java:61)
	at twitter4j.internal.http.HttpClientWrapper.post(HttpClientWrapper.java:98)
	at twitter4j.TwitterStreamImpl.getUserStream(TwitterStreamImpl.java:228)
	at twitter4j.TwitterStreamImpl$5.getStream(TwitterStreamImpl.java:200)
	at twitter4j.TwitterStreamImpl$TwitterStreamConsumer.run(TwitterStreamImpl.java:462)
Caused by: java.net.SocketTimeoutException: connect timed out
	at java.net.PlainSocketImpl.socketConnect(Native Method)
	at java.net.AbstractPlainSocketImpl.doConnect(AbstractPlainSocketImpl.java:327)
	at java.net.AbstractPlainSocketImpl.connectToAddress(AbstractPlainSocketImpl.java:193)
	at java.net.AbstractPlainSocketImpl.connect(AbstractPlainSocketImpl.java:180)
	at java.net.SocksSocketImpl.connect(SocksSocketImpl.java:384)
	at java.net.Socket.connect(Socket.java:546)
	at sun.security.ssl.SSLSocketImpl.connect(SSLSocketImpl.java:584)
	at sun.net.NetworkClient.doConnect(NetworkClient.java:173)
	at sun.net.www.http.HttpClient.openServer(HttpClient.java:409)
	at sun.net.www.http.HttpClient.openServer(HttpClient.java:530)
	at sun.net.www.protocol.https.HttpsClient.<init>(HttpsClient.java:275)
	at sun.net.www.protocol.https.HttpsClient.New(HttpsClient.java:332)
	at sun.net.www.protocol.https.AbstractDelegateHttpsURLConnection.getNewHttpClient(AbstractDelegateHttpsURLConnection.java:191)
	at sun.net.www.protocol.http.HttpURLConnection.plainConnect(HttpURLConnection.java:876)
	at sun.net.www.protocol.https.AbstractDelegateHttpsURLConnection.connect(AbstractDelegateHttpsURLConnection.java:177)
	at sun.net.www.protocol.http.HttpURLConnection.getOutputStream(HttpURLConnection.java:979)
	at sun.net.www.protocol.https.HttpsURLConnectionImpl.getOutputStream(HttpsURLConnectionImpl.java:250)
	at twitter4j.internal.http.HttpClientImpl.request(HttpClientImpl.java:150)
	... 5 more
Stream closed.
Relevant discussions can be found on the Internet at:
	http://www.google.co.jp/search?q=a8fd061d or
	http://www.google.co.jp/search?q=00070a0c
TwitterException{exceptionCode=[a8fd061d-00070a0c a8fd061d-0007099a], statusCode=-1, message=null, code=-1, retryAfter=-1, rateLimitStatus=null, version=3.0.3}
	at twitter4j.StatusStreamBase.handleNextElement(StatusStreamBase.java:199)
	at twitter4j.StatusStreamImpl.next(StatusStreamImpl.java:57)
	at twitter4j.TwitterStreamImpl$TwitterStreamConsumer.run(TwitterStreamImpl.java:478)
Caused by: java.net.SocketTimeoutException: Read timed out
	at java.net.SocketInputStream.socketRead0(Native Method)
	at java.net.SocketInputStream.read(SocketInputStream.java:146)
	at sun.security.ssl.InputRecord.readFully(InputRecord.java:312)
	at sun.security.ssl.InputRecord.read(InputRecord.java:350)
	at sun.security.ssl.SSLSocketImpl.readRecord(SSLSocketImpl.java:850)
	at sun.security.ssl.SSLSocketImpl.readDataRecord(SSLSocketImpl.java:807)
	at sun.security.ssl.AppInputStream.read(AppInputStream.java:94)
	at java.io.BufferedInputStream.fill(BufferedInputStream.java:235)
	at java.io.BufferedInputStream.read1(BufferedInputStream.java:275)
	at java.io.BufferedInputStream.read(BufferedInputStream.java:334)
	at java.io.FilterInputStream.read(FilterInputStream.java:133)
	at sun.net.www.protocol.http.HttpURLConnection$HttpInputStream.read(HttpURLConnection.java:2582)
	at sun.nio.cs.StreamDecoder.readBytes(StreamDecoder.java:282)
	at sun.nio.cs.StreamDecoder.implRead(StreamDecoder.java:324)
	at sun.nio.cs.StreamDecoder.read(StreamDecoder.java:176)
	at java.io.InputStreamReader.read(InputStreamReader.java:184)
	at java.io.BufferedReader.fill(BufferedReader.java:153)
	at java.io.BufferedReader.readLine(BufferedReader.java:316)
	at java.io.BufferedReader.readLine(BufferedReader.java:379)
	at twitter4j.StatusStreamBase.handleNextElement(StatusStreamBase.java:85)
	... 2 more
Stream closed.
Relevant discussions can be found on the Internet at:
	http://www.google.co.jp/search?q=a8fd061d or
	http://www.google.co.jp/search?q=00070a0c
TwitterException{exceptionCode=[a8fd061d-00070a0c a8fd061d-0007099a], statusCode=-1, message=null, code=-1, retryAfter=-1, rateLimitStatus=null, version=3.0.3}
	at twitter4j.StatusStreamBase.handleNextElement(StatusStreamBase.java:199)
	at twitter4j.StatusStreamImpl.next(StatusStreamImpl.java:57)
	at twitter4j.TwitterStreamImpl$TwitterStreamConsumer.run(TwitterStreamImpl.java:478)
Caused by: java.net.SocketTimeoutException: Read timed out
	at java.net.SocketInputStream.socketRead0(Native Method)
	at java.net.SocketInputStream.read(SocketInputStream.java:146)
	at sun.security.ssl.InputRecord.readFully(InputRecord.java:312)
	at sun.security.ssl.InputRecord.read(InputRecord.java:350)
	at sun.security.ssl.SSLSocketImpl.readRecord(SSLSocketImpl.java:850)
	at sun.security.ssl.SSLSocketImpl.readDataRecord(SSLSocketImpl.java:807)
	at sun.security.ssl.AppInputStream.read(AppInputStream.java:94)
	at java.io.BufferedInputStream.fill(BufferedInputStream.java:235)
	at java.io.BufferedInputStream.read1(BufferedInputStream.java:275)
	at java.io.BufferedInputStream.read(BufferedInputStream.java:334)
	at java.io.FilterInputStream.read(FilterInputStream.java:133)
	at sun.net.www.protocol.http.HttpURLConnection$HttpInputStream.read(HttpURLConnection.java:2582)
	at sun.nio.cs.StreamDecoder.readBytes(StreamDecoder.java:282)
	at sun.nio.cs.StreamDecoder.implRead(StreamDecoder.java:324)
	at sun.nio.cs.StreamDecoder.read(StreamDecoder.java:176)
	at java.io.InputStreamReader.read(InputStreamReader.java:184)
	at java.io.BufferedReader.fill(BufferedReader.java:153)
	at java.io.BufferedReader.readLine(BufferedReader.java:316)
	at java.io.BufferedReader.readLine(BufferedReader.java:379)
	at twitter4j.StatusStreamBase.handleNextElement(StatusStreamBase.java:85)
	... 2 more
connect timed out
Relevant discussions can be found on the Internet at:
	http://www.google.co.jp/search?q=56b1dad5 or
	http://www.google.co.jp/search?q=1fca685b
TwitterException{exceptionCode=[56b1dad5-1fca685b 56b1dad5-1fca6831], statusCode=-1, message=null, code=-1, retryAfter=-1, rateLimitStatus=null, version=3.0.3}
	at twitter4j.internal.http.HttpClientImpl.request(HttpClientImpl.java:192)
	at twitter4j.internal.http.HttpClientWrapper.request(HttpClientWrapper.java:61)
	at twitter4j.internal.http.HttpClientWrapper.post(HttpClientWrapper.java:98)
	at twitter4j.TwitterStreamImpl.getUserStream(TwitterStreamImpl.java:228)
	at twitter4j.TwitterStreamImpl$5.getStream(TwitterStreamImpl.java:200)
	at twitter4j.TwitterStreamImpl$TwitterStreamConsumer.run(TwitterStreamImpl.java:462)
Caused by: java.net.SocketTimeoutException: connect timed out
	at java.net.PlainSocketImpl.socketConnect(Native Method)
	at java.net.AbstractPlainSocketImpl.doConnect(AbstractPlainSocketImpl.java:327)
	at java.net.AbstractPlainSocketImpl.connectToAddress(AbstractPlainSocketImpl.java:193)
	at java.net.AbstractPlainSocketImpl.connect(AbstractPlainSocketImpl.java:180)
	at java.net.SocksSocketImpl.connect(SocksSocketImpl.java:384)
	at java.net.Socket.connect(Socket.java:546)
	at sun.security.ssl.SSLSocketImpl.connect(SSLSocketImpl.java:584)
	at sun.net.NetworkClient.doConnect(NetworkClient.java:173)
	at sun.net.www.http.HttpClient.openServer(HttpClient.java:409)
	at sun.net.www.http.HttpClient.openServer(HttpClient.java:530)
	at sun.net.www.protocol.https.HttpsClient.<init>(HttpsClient.java:275)
	at sun.net.www.protocol.https.HttpsClient.New(HttpsClient.java:332)
	at sun.net.www.protocol.https.AbstractDelegateHttpsURLConnection.getNewHttpClient(AbstractDelegateHttpsURLConnection.java:191)
	at sun.net.www.protocol.http.HttpURLConnection.plainConnect(HttpURLConnection.java:876)
	at sun.net.www.protocol.https.AbstractDelegateHttpsURLConnection.connect(AbstractDelegateHttpsURLConnection.java:177)
	at sun.net.www.protocol.http.HttpURLConnection.getOutputStream(HttpURLConnection.java:979)
	at sun.net.www.protocol.https.HttpsURLConnectionImpl.getOutputStream(HttpsURLConnectionImpl.java:250)
	at twitter4j.internal.http.HttpClientImpl.request(HttpClientImpl.java:150)
	... 5 more
Stream closed.
Relevant discussions can be found on the Internet at:
	http://www.google.co.jp/search?q=a8fd061d or
	http://www.google.co.jp/search?q=00070a0c
TwitterException{exceptionCode=[a8fd061d-00070a0c a8fd061d-0007099a], statusCode=-1, message=null, code=-1, retryAfter=-1, rateLimitStatus=null, version=3.0.3}
	at twitter4j.StatusStreamBase.handleNextElement(StatusStreamBase.java:199)
	at twitter4j.StatusStreamImpl.next(StatusStreamImpl.java:57)
	at twitter4j.TwitterStreamImpl$TwitterStreamConsumer.run(TwitterStreamImpl.java:478)
Caused by: java.net.SocketTimeoutException: Read timed out
	at java.net.SocketInputStream.socketRead0(Native Method)
	at java.net.SocketInputStream.read(SocketInputStream.java:146)
	at sun.security.ssl.InputRecord.readFully(InputRecord.java:312)
	at sun.security.ssl.InputRecord.read(InputRecord.java:350)
	at sun.security.ssl.SSLSocketImpl.readRecord(SSLSocketImpl.java:850)
	at sun.security.ssl.SSLSocketImpl.readDataRecord(SSLSocketImpl.java:807)
	at sun.security.ssl.AppInputStream.read(AppInputStream.java:94)
	at java.io.BufferedInputStream.fill(BufferedInputStream.java:235)
	at java.io.BufferedInputStream.read1(BufferedInputStream.java:275)
	at java.io.BufferedInputStream.read(BufferedInputStream.java:334)
	at java.io.FilterInputStream.read(FilterInputStream.java:133)
	at sun.net.www.protocol.http.HttpURLConnection$HttpInputStream.read(HttpURLConnection.java:2582)
	at sun.nio.cs.StreamDecoder.readBytes(StreamDecoder.java:282)
	at sun.nio.cs.StreamDecoder.implRead(StreamDecoder.java:324)
	at sun.nio.cs.StreamDecoder.read(StreamDecoder.java:176)
	at java.io.InputStreamReader.read(InputStreamReader.java:184)
	at java.io.BufferedReader.fill(BufferedReader.java:153)
	at java.io.BufferedReader.readLine(BufferedReader.java:316)
	at java.io.BufferedReader.readLine(BufferedReader.java:379)
	at twitter4j.StatusStreamBase.handleNextElement(StatusStreamBase.java:85)
	... 2 more
Stream closed.
Relevant discussions can be found on the Internet at:
	http://www.google.co.jp/search?q=a8fd061d or
	http://www.google.co.jp/search?q=00070a0c
TwitterException{exceptionCode=[a8fd061d-00070a0c a8fd061d-0007099a], statusCode=-1, message=null, code=-1, retryAfter=-1, rateLimitStatus=null, version=3.0.3}
	at twitter4j.StatusStreamBase.handleNextElement(StatusStreamBase.java:199)
	at twitter4j.StatusStreamImpl.next(StatusStreamImpl.java:57)
	at twitter4j.TwitterStreamImpl$TwitterStreamConsumer.run(TwitterStreamImpl.java:478)
Caused by: java.net.SocketTimeoutException: Read timed out
	at java.net.SocketInputStream.socketRead0(Native Method)
	at java.net.SocketInputStream.read(SocketInputStream.java:146)
	at sun.security.ssl.InputRecord.readFully(InputRecord.java:312)
	at sun.security.ssl.InputRecord.read(InputRecord.java:350)
	at sun.security.ssl.SSLSocketImpl.readRecord(SSLSocketImpl.java:850)
	at sun.security.ssl.SSLSocketImpl.readDataRecord(SSLSocketImpl.java:807)
	at sun.security.ssl.AppInputStream.read(AppInputStream.java:94)
	at java.io.BufferedInputStream.fill(BufferedInputStream.java:235)
	at java.io.BufferedInputStream.read1(BufferedInputStream.java:275)
	at java.io.BufferedInputStream.read(BufferedInputStream.java:334)
	at java.io.FilterInputStream.read(FilterInputStream.java:133)
	at sun.net.www.protocol.http.HttpURLConnection$HttpInputStream.read(HttpURLConnection.java:2582)
	at sun.nio.cs.StreamDecoder.readBytes(StreamDecoder.java:282)
	at sun.nio.cs.StreamDecoder.implRead(StreamDecoder.java:324)
	at sun.nio.cs.StreamDecoder.read(StreamDecoder.java:176)
	at java.io.InputStreamReader.read(InputStreamReader.java:184)
	at java.io.BufferedReader.fill(BufferedReader.java:153)
	at java.io.BufferedReader.readLine(BufferedReader.java:316)
	at java.io.BufferedReader.readLine(BufferedReader.java:379)
	at twitter4j.StatusStreamBase.handleNextElement(StatusStreamBase.java:85)
	... 2 more
connect timed out
Relevant discussions can be found on the Internet at:
	http://www.google.co.jp/search?q=56b1dad5 or
	http://www.google.co.jp/search?q=1fca685b
TwitterException{exceptionCode=[56b1dad5-1fca685b 56b1dad5-1fca6831], statusCode=-1, message=null, code=-1, retryAfter=-1, rateLimitStatus=null, version=3.0.3}
	at twitter4j.internal.http.HttpClientImpl.request(HttpClientImpl.java:192)
	at twitter4j.internal.http.HttpClientWrapper.request(HttpClientWrapper.java:61)
	at twitter4j.internal.http.HttpClientWrapper.post(HttpClientWrapper.java:98)
	at twitter4j.TwitterStreamImpl.getUserStream(TwitterStreamImpl.java:228)
	at twitter4j.TwitterStreamImpl$5.getStream(TwitterStreamImpl.java:200)
	at twitter4j.TwitterStreamImpl$TwitterStreamConsumer.run(TwitterStreamImpl.java:462)
Caused by: java.net.SocketTimeoutException: connect timed out
	at java.net.PlainSocketImpl.socketConnect(Native Method)
	at java.net.AbstractPlainSocketImpl.doConnect(AbstractPlainSocketImpl.java:327)
	at java.net.AbstractPlainSocketImpl.connectToAddress(AbstractPlainSocketImpl.java:193)
	at java.net.AbstractPlainSocketImpl.connect(AbstractPlainSocketImpl.java:180)
	at java.net.SocksSocketImpl.connect(SocksSocketImpl.java:384)
	at java.net.Socket.connect(Socket.java:546)
	at sun.security.ssl.SSLSocketImpl.connect(SSLSocketImpl.java:584)
	at sun.net.NetworkClient.doConnect(NetworkClient.java:173)
	at sun.net.www.http.HttpClient.openServer(HttpClient.java:409)
	at sun.net.www.http.HttpClient.openServer(HttpClient.java:530)
	at sun.net.www.protocol.https.HttpsClient.<init>(HttpsClient.java:275)
	at sun.net.www.protocol.https.HttpsClient.New(HttpsClient.java:332)
	at sun.net.www.protocol.https.AbstractDelegateHttpsURLConnection.getNewHttpClient(AbstractDelegateHttpsURLConnection.java:191)
	at sun.net.www.protocol.http.HttpURLConnection.plainConnect(HttpURLConnection.java:876)
	at sun.net.www.protocol.https.AbstractDelegateHttpsURLConnection.connect(AbstractDelegateHttpsURLConnection.java:177)
	at sun.net.www.protocol.http.HttpURLConnection.getOutputStream(HttpURLConnection.java:979)
	at sun.net.www.protocol.https.HttpsURLConnectionImpl.getOutputStream(HttpsURLConnectionImpl.java:250)
	at twitter4j.internal.http.HttpClientImpl.request(HttpClientImpl.java:150)
	... 5 more
2009年5月19日 - 中国工業情報化部より、2009年7月1日から中国国内で生産・発売されるパソコンすべてに検閲ソフト「緑壩・花季護航」のインストールが義務付けられると発表される。 [2013-05-19 06:00:21]
Error occurred during initialization of VM
Could not reserve enough space for object heap
Could not create the Java virtual machine.
java.io.IOException: Cannot run program "sh": java.io.IOException: error=12, Cannot allocate memory
	at java.lang.ProcessBuilder.start(ProcessBuilder.java:475)
	at java.lang.Runtime.exec(Runtime.java:610)
	at java.lang.Runtime.exec(Runtime.java:483)
	at jline.UnixTerminal.exec(UnixTerminal.java:292)
	at jline.UnixTerminal.stty(UnixTerminal.java:268)
	at jline.UnixTerminal.initializeTerminal(UnixTerminal.java:71)
	at jline.Terminal.setupTerminal(Terminal.java:75)
	at jline.Terminal.getTerminal(Terminal.java:26)
	at sbt.ConsoleLogger$.ansiSupported(ConsoleLogger.scala:39)
	at sbt.ConsoleLogger$.<init>(ConsoleLogger.scala:34)
	at sbt.ConsoleLogger$.<clinit>(ConsoleLogger.scala)
	at sbt.GlobalLogging$.initial(GlobalLogging.scala:24)
	at sbt.StandardMain$.initialGlobalLogging(Main.scala:57)
	at sbt.StandardMain$.initialState(Main.scala:54)
	at sbt.xMain.run(Main.scala:26)
	at xsbt.boot.Launch$.run(Launch.scala:55)
	at xsbt.boot.Launch$$anonfun$explicit$1.apply(Launch.scala:45)
	at xsbt.boot.Launch$.launch(Launch.scala:69)
	at xsbt.boot.Launch$.apply(Launch.scala:16)
	at xsbt.boot.Boot$.runImpl(Boot.scala:31)
	at xsbt.boot.Boot$.main(Boot.scala:20)
	at xsbt.boot.Boot.main(Boot.scala)
Caused by: java.io.IOException: java.io.IOException: error=12, Cannot allocate memory
	at java.lang.UNIXProcess.<init>(UNIXProcess.java:164)
	at java.lang.ProcessImpl.start(ProcessImpl.java:81)
	at java.lang.ProcessBuilder.start(ProcessBuilder.java:468)
	... 21 more
[0m[[0minfo[0m] [0mLoading project definition from /home/joe/nukokusa_bot/project[0m
[0m[[0minfo[0m] [0mSet current project to Nukokusa Bot (in build file:/home/joe/nukokusa_bot/)[0m
[0m[[0minfo[0m] [0mCompiling 1 Scala source to /home/joe/nukokusa_bot/target/scala-2.10/classes...[0m
[0m[[0minfo[0m] [0mRunning jp.nukokusabot.Main [0m
13:54:45,899 |-INFO in ch.qos.logback.classic.LoggerContext[default] - Could NOT find resource [logback.groovy]
13:54:45,899 |-INFO in ch.qos.logback.classic.LoggerContext[default] - Could NOT find resource [logback-test.xml]
13:54:45,900 |-INFO in ch.qos.logback.classic.LoggerContext[default] - Found resource [logback.xml] at [file:/home/joe/nukokusa_bot/target/scala-2.10/classes/logback.xml]
13:54:46,329 |-INFO in ch.qos.logback.classic.joran.action.ConfigurationAction - debug attribute not set
13:54:46,335 |-ERROR in ch.qos.logback.core.util.ContextUtil@4b3d0493 - Failed to get local hostname java.net.UnknownHostException: dti-vps-srv89: dti-vps-srv89
	at java.net.UnknownHostException: dti-vps-srv89: dti-vps-srv89
	at 	at java.net.InetAddress.getLocalHost(InetAddress.java:1426)
	at 	at ch.qos.logback.core.util.ContextUtil.getLocalHostName(ContextUtil.java:32)
	at 	at ch.qos.logback.core.util.ContextUtil.addHostNameAsProperty(ContextUtil.java:41)
	at 	at ch.qos.logback.classic.joran.action.ConfigurationAction.begin(ConfigurationAction.java:56)
	at 	at ch.qos.logback.core.joran.spi.Interpreter.callBeginAction(Interpreter.java:276)
	at 	at ch.qos.logback.core.joran.spi.Interpreter.startElement(Interpreter.java:148)
	at 	at ch.qos.logback.core.joran.spi.Interpreter.startElement(Interpreter.java:130)
	at 	at ch.qos.logback.core.joran.spi.EventPlayer.play(EventPlayer.java:50)
	at 	at ch.qos.logback.core.joran.GenericConfigurator.doConfigure(GenericConfigurator.java:157)
	at 	at ch.qos.logback.core.joran.GenericConfigurator.doConfigure(GenericConfigurator.java:143)
	at 	at ch.qos.logback.core.joran.GenericConfigurator.doConfigure(GenericConfigurator.java:106)
	at 	at ch.qos.logback.core.joran.GenericConfigurator.doConfigure(GenericConfigurator.java:56)
	at 	at ch.qos.logback.classic.util.ContextInitializer.configureByResource(ContextInitializer.java:75)
	at 	at ch.qos.logback.classic.util.ContextInitializer.autoConfig(ContextInitializer.java:148)
	at 	at org.slf4j.impl.StaticLoggerBinder.init(StaticLoggerBinder.java:85)
	at 	at org.slf4j.impl.StaticLoggerBinder.<clinit>(StaticLoggerBinder.java:55)
	at 	at java.lang.Class.forName0(Native Method)
	at 	at java.lang.Class.forName(Class.java:186)
	at 	at twitter4j.internal.logging.Logger.getLoggerFactoryIfAvailable(Logger.java:82)
	at 	at twitter4j.internal.logging.Logger.<clinit>(Logger.java:50)
	at 	at twitter4j.auth.OAuthAuthorization.<clinit>(OAuthAuthorization.java:46)
	at 	at twitter4j.auth.AuthorizationFactory.getInstance(AuthorizationFactory.java:40)
	at 	at twitter4j.TwitterFactory.<clinit>(TwitterFactory.java:39)
	at 	at jp.nukokusabot.NukokusaBot.<init>(NukokusaBot.scala:11)
	at 	at jp.nukokusabot.Main$.main(Main.scala:7)
	at 	at jp.nukokusabot.Main.main(Main.scala)
	at 	at sun.reflect.NativeMethodAccessorImpl.invoke0(Native Method)
	at 	at sun.reflect.NativeMethodAccessorImpl.invoke(NativeMethodAccessorImpl.java:57)
	at 	at sun.reflect.DelegatingMethodAccessorImpl.invoke(DelegatingMethodAccessorImpl.java:43)
	at 	at java.lang.reflect.Method.invoke(Method.java:616)
	at 	at sbt.Run.invokeMain(Run.scala:68)
	at 	at sbt.Run.run0(Run.scala:61)
	at 	at sbt.Run.execute$1(Run.scala:50)
	at 	at sbt.Run$$anonfun$run$1.apply$mcV$sp(Run.scala:54)
	at 	at sbt.TrapExit$.executeMain$1(TrapExit.scala:33)
	at 	at sbt.TrapExit$$anon$1.run(TrapExit.scala:42)
13:54:46,335 |-INFO in ch.qos.logback.core.joran.action.AppenderAction - About to instantiate appender of type [ch.qos.logback.core.rolling.RollingFileAppender]
13:54:46,359 |-INFO in ch.qos.logback.core.joran.action.AppenderAction - Naming appender as [logfile]
13:54:46,528 |-ERROR in ch.qos.logback.core.joran.spi.Interpreter@5:15 - no applicable action for [Encoding], current pattern is [[configuration][appender][Encoding]]
13:54:46,620 |-INFO in c.q.l.core.rolling.TimeBasedRollingPolicy - No compression will be used
13:54:46,623 |-INFO in c.q.l.core.rolling.TimeBasedRollingPolicy - Will use the pattern log/nb.%d.log for the active file
13:54:46,685 |-INFO in c.q.l.core.rolling.DefaultTimeBasedFileNamingAndTriggeringPolicy - The date pattern is 'yyyy-MM-dd' from file name pattern 'log/nb.%d.log'.
13:54:46,685 |-INFO in c.q.l.core.rolling.DefaultTimeBasedFileNamingAndTriggeringPolicy - Roll-over at midnight.
13:54:46,694 |-INFO in c.q.l.core.rolling.DefaultTimeBasedFileNamingAndTriggeringPolicy - Setting initial period to Sun May 19 06:00:21 JST 2013
13:54:46,893 |-WARN in ch.qos.logback.core.rolling.RollingFileAppender[logfile] - This appender no longer admits a layout as a sub-component, set an encoder instead.
13:54:46,893 |-WARN in ch.qos.logback.core.rolling.RollingFileAppender[logfile] - To ensure compatibility, wrapping your layout in LayoutWrappingEncoder.
13:54:46,893 |-WARN in ch.qos.logback.core.rolling.RollingFileAppender[logfile] - See also http://logback.qos.ch/codes.html#layoutInsteadOfEncoder for details
13:54:46,894 |-INFO in ch.qos.logback.core.rolling.RollingFileAppender[logfile] - Active log file name: log/nb.log
13:54:46,894 |-INFO in ch.qos.logback.core.rolling.RollingFileAppender[logfile] - File property is set to [log/nb.log]
13:54:46,896 |-INFO in ch.qos.logback.classic.joran.action.LevelAction - ROOT level set to INFO
13:54:46,896 |-INFO in ch.qos.logback.core.joran.action.AppenderRefAction - Attaching appender named [logfile] to Logger[ROOT]
13:54:46,897 |-INFO in ch.qos.logback.classic.joran.action.ConfigurationAction - End of configuration.
13:54:46,900 |-INFO in ch.qos.logback.classic.joran.JoranConfigurator@3442299e - Registering current configuration as safe fallback point

1862年5月20日 - エイブラハム・リンカーン米大統領がホームステッド法に署名、同法が発効。 [2013-05-20 06:00:49]
@nukokusa_bot バトライドウォーが欲しい
@nukokusa 仮面ライダー バトライド・ウォー プレミアムTVサウンドエディション 10480円 http://t.co/QRiMFWhhrL [2013-05-20 10:12:21]
@nukokusa_bot アイコンがほしい
@Joe_noh Photoshopプロフェッショナルズ アイコン・マーク・ロゴデザイン 2940円 http://t.co/jjMnhIdTLX [2013-05-20 10:15:11]
@nukokusa_bot 俺の好物がほしいも
@nukokusa Not Found. [2013-05-20 10:18:04]
@nukokusa_bot 神咒神威神楽が欲しい
@nukokusa 神咒神威神楽 曙之光 初回版 9240円 http://t.co/0zmZCWRLpK [2013-05-20 18:37:53]
Stream closed.
Relevant discussions can be found on the Internet at:
	http://www.google.co.jp/search?q=a8fd061d or
	http://www.google.co.jp/search?q=00070a0c
TwitterException{exceptionCode=[a8fd061d-00070a0c a8fd061d-0007099a], statusCode=-1, message=null, code=-1, retryAfter=-1, rateLimitStatus=null, version=3.0.3}
	at twitter4j.StatusStreamBase.handleNextElement(StatusStreamBase.java:199)
	at twitter4j.StatusStreamImpl.next(StatusStreamImpl.java:57)
	at twitter4j.TwitterStreamImpl$TwitterStreamConsumer.run(TwitterStreamImpl.java:478)
Caused by: java.net.SocketTimeoutException: Read timed out
	at java.net.SocketInputStream.socketRead0(Native Method)
	at java.net.SocketInputStream.read(SocketInputStream.java:146)
	at sun.security.ssl.InputRecord.readFully(InputRecord.java:312)
	at sun.security.ssl.InputRecord.read(InputRecord.java:350)
	at sun.security.ssl.SSLSocketImpl.readRecord(SSLSocketImpl.java:850)
	at sun.security.ssl.SSLSocketImpl.readDataRecord(SSLSocketImpl.java:807)
	at sun.security.ssl.AppInputStream.read(AppInputStream.java:94)
	at java.io.BufferedInputStream.read1(BufferedInputStream.java:273)
	at java.io.BufferedInputStream.read(BufferedInputStream.java:334)
	at java.io.FilterInputStream.read(FilterInputStream.java:133)
	at sun.net.www.protocol.http.HttpURLConnection$HttpInputStream.read(HttpURLConnection.java:2582)
	at sun.nio.cs.StreamDecoder.readBytes(StreamDecoder.java:282)
	at sun.nio.cs.StreamDecoder.implRead(StreamDecoder.java:324)
	at sun.nio.cs.StreamDecoder.read(StreamDecoder.java:176)
	at java.io.InputStreamReader.read(InputStreamReader.java:184)
	at java.io.BufferedReader.fill(BufferedReader.java:153)
	at java.io.BufferedReader.readLine(BufferedReader.java:316)
	at java.io.BufferedReader.readLine(BufferedReader.java:379)
	at twitter4j.StatusStreamBase.handleNextElement(StatusStreamBase.java:85)
	... 2 more
Stream closed.
Relevant discussions can be found on the Internet at:
	http://www.google.co.jp/search?q=a8fd061d or
	http://www.google.co.jp/search?q=00070a0c
TwitterException{exceptionCode=[a8fd061d-00070a0c a8fd061d-0007099a], statusCode=-1, message=null, code=-1, retryAfter=-1, rateLimitStatus=null, version=3.0.3}
	at twitter4j.StatusStreamBase.handleNextElement(StatusStreamBase.java:199)
	at twitter4j.StatusStreamImpl.next(StatusStreamImpl.java:57)
	at twitter4j.TwitterStreamImpl$TwitterStreamConsumer.run(TwitterStreamImpl.java:478)
Caused by: java.net.SocketTimeoutException: Read timed out
	at java.net.SocketInputStream.socketRead0(Native Method)
	at java.net.SocketInputStream.read(SocketInputStream.java:146)
	at sun.security.ssl.InputRecord.readFully(InputRecord.java:312)
	at sun.security.ssl.InputRecord.read(InputRecord.java:350)
	at sun.security.ssl.SSLSocketImpl.readRecord(SSLSocketImpl.java:850)
	at sun.security.ssl.SSLSocketImpl.readDataRecord(SSLSocketImpl.java:807)
	at sun.security.ssl.AppInputStream.read(AppInputStream.java:94)
	at java.io.BufferedInputStream.read1(BufferedInputStream.java:273)
	at java.io.BufferedInputStream.read(BufferedInputStream.java:334)
	at java.io.FilterInputStream.read(FilterInputStream.java:133)
	at sun.net.www.protocol.http.HttpURLConnection$HttpInputStream.read(HttpURLConnection.java:2582)
	at sun.nio.cs.StreamDecoder.readBytes(StreamDecoder.java:282)
	at sun.nio.cs.StreamDecoder.implRead(StreamDecoder.java:324)
	at sun.nio.cs.StreamDecoder.read(StreamDecoder.java:176)
	at java.io.InputStreamReader.read(InputStreamReader.java:184)
	at java.io.BufferedReader.fill(BufferedReader.java:153)
	at java.io.BufferedReader.readLine(BufferedReader.java:316)
	at java.io.BufferedReader.readLine(BufferedReader.java:379)
	at twitter4j.StatusStreamBase.handleNextElement(StatusStreamBase.java:85)
	... 2 more
1851年5月21日 - コロンビアで奴隷制が廃止。 [2013-05-21 06:00:53]
2005年5月22日 - 陸上自衛隊第六次イラク派遣隊の第三派が出発し、第六次イラク派遣隊総勢約500人の派遣が完了。 [2013-05-22 06:00:57]
1701年5月23日 - 海賊船の船長ウィリアム・キッド（キャプテン・キッド）がロンドンで絞首刑に処せられる。 [2013-05-23 06:00:00]
1895年5月25日 - 下関条約による日本への台湾割譲を阻止しようとした清の官僚唐景崧が台湾民主国の成立を宣言。 [2013-05-25 06:00:09]
1971年5月26日 - オーストリアと中華人民共和国が外交関係を樹立。 [2013-05-26 06:00:14]
1901年5月27日 - 山陽鉄道（現在の山陽本線）神戸 - 馬関（現・下関）が全通し、東京から下関までが鉄道でつながる。 [2013-05-27 06:00:19]
2002年5月28日 - 経済団体連合会（経団連）と日本経営者団体連盟（日経連）が統合され、日本経済団体連合会（日本経団連）が発足。 [2013-05-28 06:00:24]
1293年（正応6年4月22日）5月29日 - 平禅門の乱。 [2013-05-29 06:00:30]
1973年5月30日 - 輪島が第54代横綱に昇進。初の学生相撲出身の横綱。 [2013-05-30 06:00:36]
1978年5月31日 - 西山事件に関して最高裁判所が被告人の上告を棄却。西山太吉記者の有罪が確定。 [2013-05-31 06:00:41]
@nukokusa_bot 出番だぞ
1999年6月1日 - ソニー、子犬型のペットロボット・AIBOをインターネット限定発売。わずか20分で完売。 [2013-06-01 06:00:49]
Stream closed.
Relevant discussions can be found on the Internet at:
	http://www.google.co.jp/search?q=a8fd061d or
	http://www.google.co.jp/search?q=00070a0c
TwitterException{exceptionCode=[a8fd061d-00070a0c a8fd061d-0007099a], statusCode=-1, message=null, code=-1, retryAfter=-1, rateLimitStatus=null, version=3.0.3}
	at twitter4j.StatusStreamBase.handleNextElement(StatusStreamBase.java:199)
	at twitter4j.StatusStreamImpl.next(StatusStreamImpl.java:57)
	at twitter4j.TwitterStreamImpl$TwitterStreamConsumer.run(TwitterStreamImpl.java:478)
Caused by: java.net.SocketTimeoutException: Read timed out
	at java.net.SocketInputStream.socketRead0(Native Method)
	at java.net.SocketInputStream.read(SocketInputStream.java:146)
	at sun.security.ssl.InputRecord.readFully(InputRecord.java:312)
	at sun.security.ssl.InputRecord.read(InputRecord.java:350)
	at sun.security.ssl.SSLSocketImpl.readRecord(SSLSocketImpl.java:850)
	at sun.security.ssl.SSLSocketImpl.readDataRecord(SSLSocketImpl.java:807)
	at sun.security.ssl.AppInputStream.read(AppInputStream.java:94)
	at java.io.BufferedInputStream.read1(BufferedInputStream.java:273)
	at java.io.BufferedInputStream.read(BufferedInputStream.java:334)
	at java.io.FilterInputStream.read(FilterInputStream.java:133)
	at sun.net.www.protocol.http.HttpURLConnection$HttpInputStream.read(HttpURLConnection.java:2582)
	at sun.nio.cs.StreamDecoder.readBytes(StreamDecoder.java:282)
	at sun.nio.cs.StreamDecoder.implRead(StreamDecoder.java:324)
	at sun.nio.cs.StreamDecoder.read(StreamDecoder.java:176)
	at java.io.InputStreamReader.read(InputStreamReader.java:184)
	at java.io.BufferedReader.fill(BufferedReader.java:153)
	at java.io.BufferedReader.readLine(BufferedReader.java:316)
	at java.io.BufferedReader.readLine(BufferedReader.java:379)
	at twitter4j.StatusStreamBase.handleNextElement(StatusStreamBase.java:85)
	... 2 more
Stream closed.
Relevant discussions can be found on the Internet at:
	http://www.google.co.jp/search?q=a8fd061d or
	http://www.google.co.jp/search?q=00070a0c
TwitterException{exceptionCode=[a8fd061d-00070a0c a8fd061d-0007099a], statusCode=-1, message=null, code=-1, retryAfter=-1, rateLimitStatus=null, version=3.0.3}
	at twitter4j.StatusStreamBase.handleNextElement(StatusStreamBase.java:199)
	at twitter4j.StatusStreamImpl.next(StatusStreamImpl.java:57)
	at twitter4j.TwitterStreamImpl$TwitterStreamConsumer.run(TwitterStreamImpl.java:478)
Caused by: java.net.SocketTimeoutException: Read timed out
	at java.net.SocketInputStream.socketRead0(Native Method)
	at java.net.SocketInputStream.read(SocketInputStream.java:146)
	at sun.security.ssl.InputRecord.readFully(InputRecord.java:312)
	at sun.security.ssl.InputRecord.read(InputRecord.java:350)
	at sun.security.ssl.SSLSocketImpl.readRecord(SSLSocketImpl.java:850)
	at sun.security.ssl.SSLSocketImpl.readDataRecord(SSLSocketImpl.java:807)
	at sun.security.ssl.AppInputStream.read(AppInputStream.java:94)
	at java.io.BufferedInputStream.read1(BufferedInputStream.java:273)
	at java.io.BufferedInputStream.read(BufferedInputStream.java:334)
	at java.io.FilterInputStream.read(FilterInputStream.java:133)
	at sun.net.www.protocol.http.HttpURLConnection$HttpInputStream.read(HttpURLConnection.java:2582)
	at sun.nio.cs.StreamDecoder.readBytes(StreamDecoder.java:282)
	at sun.nio.cs.StreamDecoder.implRead(StreamDecoder.java:324)
	at sun.nio.cs.StreamDecoder.read(StreamDecoder.java:176)
	at java.io.InputStreamReader.read(InputStreamReader.java:184)
	at java.io.BufferedReader.fill(BufferedReader.java:153)
	at java.io.BufferedReader.readLine(BufferedReader.java:316)
	at java.io.BufferedReader.readLine(BufferedReader.java:379)
	at twitter4j.StatusStreamBase.handleNextElement(StatusStreamBase.java:85)
	... 2 more
connect timed out
Relevant discussions can be found on the Internet at:
	http://www.google.co.jp/search?q=56b1dad5 or
	http://www.google.co.jp/search?q=1fca685b
TwitterException{exceptionCode=[56b1dad5-1fca685b 56b1dad5-1fca6831], statusCode=-1, message=null, code=-1, retryAfter=-1, rateLimitStatus=null, version=3.0.3}
	at twitter4j.internal.http.HttpClientImpl.request(HttpClientImpl.java:192)
	at twitter4j.internal.http.HttpClientWrapper.request(HttpClientWrapper.java:61)
	at twitter4j.internal.http.HttpClientWrapper.post(HttpClientWrapper.java:98)
	at twitter4j.TwitterStreamImpl.getUserStream(TwitterStreamImpl.java:228)
	at twitter4j.TwitterStreamImpl$5.getStream(TwitterStreamImpl.java:200)
	at twitter4j.TwitterStreamImpl$TwitterStreamConsumer.run(TwitterStreamImpl.java:462)
Caused by: java.net.SocketTimeoutException: connect timed out
	at java.net.PlainSocketImpl.socketConnect(Native Method)
	at java.net.AbstractPlainSocketImpl.doConnect(AbstractPlainSocketImpl.java:327)
	at java.net.AbstractPlainSocketImpl.connectToAddress(AbstractPlainSocketImpl.java:193)
	at java.net.AbstractPlainSocketImpl.connect(AbstractPlainSocketImpl.java:180)
	at java.net.SocksSocketImpl.connect(SocksSocketImpl.java:384)
	at java.net.Socket.connect(Socket.java:546)
	at sun.security.ssl.SSLSocketImpl.connect(SSLSocketImpl.java:584)
	at sun.net.NetworkClient.doConnect(NetworkClient.java:173)
	at sun.net.www.http.HttpClient.openServer(HttpClient.java:409)
	at sun.net.www.http.HttpClient.openServer(HttpClient.java:530)
	at sun.net.www.protocol.https.HttpsClient.<init>(HttpsClient.java:275)
	at sun.net.www.protocol.https.HttpsClient.New(HttpsClient.java:332)
	at sun.net.www.protocol.https.AbstractDelegateHttpsURLConnection.getNewHttpClient(AbstractDelegateHttpsURLConnection.java:191)
	at sun.net.www.protocol.http.HttpURLConnection.plainConnect(HttpURLConnection.java:876)
	at sun.net.www.protocol.https.AbstractDelegateHttpsURLConnection.connect(AbstractDelegateHttpsURLConnection.java:177)
	at sun.net.www.protocol.http.HttpURLConnection.getOutputStream(HttpURLConnection.java:979)
	at sun.net.www.protocol.https.HttpsURLConnectionImpl.getOutputStream(HttpsURLConnectionImpl.java:250)
	at twitter4j.internal.http.HttpClientImpl.request(HttpClientImpl.java:150)
	... 5 more
connect timed out
Relevant discussions can be found on the Internet at:
	http://www.google.co.jp/search?q=56b1dad5 or
	http://www.google.co.jp/search?q=1fca685b
TwitterException{exceptionCode=[56b1dad5-1fca685b 56b1dad5-1fca6831], statusCode=-1, message=null, code=-1, retryAfter=-1, rateLimitStatus=null, version=3.0.3}
	at twitter4j.internal.http.HttpClientImpl.request(HttpClientImpl.java:192)
	at twitter4j.internal.http.HttpClientWrapper.request(HttpClientWrapper.java:61)
	at twitter4j.internal.http.HttpClientWrapper.post(HttpClientWrapper.java:98)
	at twitter4j.TwitterStreamImpl.getUserStream(TwitterStreamImpl.java:228)
	at twitter4j.TwitterStreamImpl$5.getStream(TwitterStreamImpl.java:200)
	at twitter4j.TwitterStreamImpl$TwitterStreamConsumer.run(TwitterStreamImpl.java:462)
Caused by: java.net.SocketTimeoutException: connect timed out
	at java.net.PlainSocketImpl.socketConnect(Native Method)
	at java.net.AbstractPlainSocketImpl.doConnect(AbstractPlainSocketImpl.java:327)
	at java.net.AbstractPlainSocketImpl.connectToAddress(AbstractPlainSocketImpl.java:193)
	at java.net.AbstractPlainSocketImpl.connect(AbstractPlainSocketImpl.java:180)
	at java.net.SocksSocketImpl.connect(SocksSocketImpl.java:384)
	at java.net.Socket.connect(Socket.java:546)
	at sun.security.ssl.SSLSocketImpl.connect(SSLSocketImpl.java:584)
	at sun.net.NetworkClient.doConnect(NetworkClient.java:173)
	at sun.net.www.http.HttpClient.openServer(HttpClient.java:409)
	at sun.net.www.http.HttpClient.openServer(HttpClient.java:530)
	at sun.net.www.protocol.https.HttpsClient.<init>(HttpsClient.java:275)
	at sun.net.www.protocol.https.HttpsClient.New(HttpsClient.java:332)
	at sun.net.www.protocol.https.AbstractDelegateHttpsURLConnection.getNewHttpClient(AbstractDelegateHttpsURLConnection.java:191)
	at sun.net.www.protocol.http.HttpURLConnection.plainConnect(HttpURLConnection.java:876)
	at sun.net.www.protocol.https.AbstractDelegateHttpsURLConnection.connect(AbstractDelegateHttpsURLConnection.java:177)
	at sun.net.www.protocol.http.HttpURLConnection.getOutputStream(HttpURLConnection.java:979)
	at sun.net.www.protocol.https.HttpsURLConnectionImpl.getOutputStream(HttpsURLConnectionImpl.java:250)
	at twitter4j.internal.http.HttpClientImpl.request(HttpClientImpl.java:150)
	... 5 more
Stream closed.
Relevant discussions can be found on the Internet at:
	http://www.google.co.jp/search?q=a8fd061d or
	http://www.google.co.jp/search?q=00070a0c
TwitterException{exceptionCode=[a8fd061d-00070a0c a8fd061d-0007099a], statusCode=-1, message=null, code=-1, retryAfter=-1, rateLimitStatus=null, version=3.0.3}
	at twitter4j.StatusStreamBase.handleNextElement(StatusStreamBase.java:199)
	at twitter4j.StatusStreamImpl.next(StatusStreamImpl.java:57)
	at twitter4j.TwitterStreamImpl$TwitterStreamConsumer.run(TwitterStreamImpl.java:478)
Caused by: java.net.SocketTimeoutException: Read timed out
	at java.net.SocketInputStream.socketRead0(Native Method)
	at java.net.SocketInputStream.read(SocketInputStream.java:146)
	at sun.security.ssl.InputRecord.readFully(InputRecord.java:312)
	at sun.security.ssl.InputRecord.read(InputRecord.java:350)
	at sun.security.ssl.SSLSocketImpl.readRecord(SSLSocketImpl.java:850)
	at sun.security.ssl.SSLSocketImpl.readDataRecord(SSLSocketImpl.java:807)
	at sun.security.ssl.AppInputStream.read(AppInputStream.java:94)
	at java.io.BufferedInputStream.fill(BufferedInputStream.java:235)
	at java.io.BufferedInputStream.read1(BufferedInputStream.java:275)
	at java.io.BufferedInputStream.read(BufferedInputStream.java:334)
	at java.io.FilterInputStream.read(FilterInputStream.java:133)
	at sun.net.www.protocol.http.HttpURLConnection$HttpInputStream.read(HttpURLConnection.java:2582)
	at sun.nio.cs.StreamDecoder.readBytes(StreamDecoder.java:282)
	at sun.nio.cs.StreamDecoder.implRead(StreamDecoder.java:324)
	at sun.nio.cs.StreamDecoder.read(StreamDecoder.java:176)
	at java.io.InputStreamReader.read(InputStreamReader.java:184)
	at java.io.BufferedReader.fill(BufferedReader.java:153)
	at java.io.BufferedReader.readLine(BufferedReader.java:316)
	at java.io.BufferedReader.readLine(BufferedReader.java:379)
	at twitter4j.StatusStreamBase.handleNextElement(StatusStreamBase.java:85)
	... 2 more
Stream closed.
Relevant discussions can be found on the Internet at:
	http://www.google.co.jp/search?q=a8fd061d or
	http://www.google.co.jp/search?q=00070a0c
TwitterException{exceptionCode=[a8fd061d-00070a0c a8fd061d-0007099a], statusCode=-1, message=null, code=-1, retryAfter=-1, rateLimitStatus=null, version=3.0.3}
	at twitter4j.StatusStreamBase.handleNextElement(StatusStreamBase.java:199)
	at twitter4j.StatusStreamImpl.next(StatusStreamImpl.java:57)
	at twitter4j.TwitterStreamImpl$TwitterStreamConsumer.run(TwitterStreamImpl.java:478)
Caused by: java.net.SocketTimeoutException: Read timed out
	at java.net.SocketInputStream.socketRead0(Native Method)
	at java.net.SocketInputStream.read(SocketInputStream.java:146)
	at sun.security.ssl.InputRecord.readFully(InputRecord.java:312)
	at sun.security.ssl.InputRecord.read(InputRecord.java:350)
	at sun.security.ssl.SSLSocketImpl.readRecord(SSLSocketImpl.java:850)
	at sun.security.ssl.SSLSocketImpl.readDataRecord(SSLSocketImpl.java:807)
	at sun.security.ssl.AppInputStream.read(AppInputStream.java:94)
	at java.io.BufferedInputStream.fill(BufferedInputStream.java:235)
	at java.io.BufferedInputStream.read1(BufferedInputStream.java:275)
	at java.io.BufferedInputStream.read(BufferedInputStream.java:334)
	at java.io.FilterInputStream.read(FilterInputStream.java:133)
	at sun.net.www.protocol.http.HttpURLConnection$HttpInputStream.read(HttpURLConnection.java:2582)
	at sun.nio.cs.StreamDecoder.readBytes(StreamDecoder.java:282)
	at sun.nio.cs.StreamDecoder.implRead(StreamDecoder.java:324)
	at sun.nio.cs.StreamDecoder.read(StreamDecoder.java:176)
	at java.io.InputStreamReader.read(InputStreamReader.java:184)
	at java.io.BufferedReader.fill(BufferedReader.java:153)
	at java.io.BufferedReader.readLine(BufferedReader.java:316)
	at java.io.BufferedReader.readLine(BufferedReader.java:379)
	at twitter4j.StatusStreamBase.handleNextElement(StatusStreamBase.java:85)
	... 2 more
connect timed out
Relevant discussions can be found on the Internet at:
	http://www.google.co.jp/search?q=56b1dad5 or
	http://www.google.co.jp/search?q=1fca685b
TwitterException{exceptionCode=[56b1dad5-1fca685b 56b1dad5-1fca6831], statusCode=-1, message=null, code=-1, retryAfter=-1, rateLimitStatus=null, version=3.0.3}
	at twitter4j.internal.http.HttpClientImpl.request(HttpClientImpl.java:192)
	at twitter4j.internal.http.HttpClientWrapper.request(HttpClientWrapper.java:61)
	at twitter4j.internal.http.HttpClientWrapper.post(HttpClientWrapper.java:98)
	at twitter4j.TwitterStreamImpl.getUserStream(TwitterStreamImpl.java:228)
	at twitter4j.TwitterStreamImpl$5.getStream(TwitterStreamImpl.java:200)
	at twitter4j.TwitterStreamImpl$TwitterStreamConsumer.run(TwitterStreamImpl.java:462)
Caused by: java.net.SocketTimeoutException: connect timed out
	at java.net.PlainSocketImpl.socketConnect(Native Method)
	at java.net.AbstractPlainSocketImpl.doConnect(AbstractPlainSocketImpl.java:327)
	at java.net.AbstractPlainSocketImpl.connectToAddress(AbstractPlainSocketImpl.java:193)
	at java.net.AbstractPlainSocketImpl.connect(AbstractPlainSocketImpl.java:180)
	at java.net.SocksSocketImpl.connect(SocksSocketImpl.java:384)
	at java.net.Socket.connect(Socket.java:546)
	at sun.security.ssl.SSLSocketImpl.connect(SSLSocketImpl.java:584)
	at sun.net.NetworkClient.doConnect(NetworkClient.java:173)
	at sun.net.www.http.HttpClient.openServer(HttpClient.java:409)
	at sun.net.www.http.HttpClient.openServer(HttpClient.java:530)
	at sun.net.www.protocol.https.HttpsClient.<init>(HttpsClient.java:275)
	at sun.net.www.protocol.https.HttpsClient.New(HttpsClient.java:332)
	at sun.net.www.protocol.https.AbstractDelegateHttpsURLConnection.getNewHttpClient(AbstractDelegateHttpsURLConnection.java:191)
	at sun.net.www.protocol.http.HttpURLConnection.plainConnect(HttpURLConnection.java:876)
	at sun.net.www.protocol.https.AbstractDelegateHttpsURLConnection.connect(AbstractDelegateHttpsURLConnection.java:177)
	at sun.net.www.protocol.http.HttpURLConnection.getOutputStream(HttpURLConnection.java:979)
	at sun.net.www.protocol.https.HttpsURLConnectionImpl.getOutputStream(HttpsURLConnectionImpl.java:250)
	at twitter4j.internal.http.HttpClientImpl.request(HttpClientImpl.java:150)
	... 5 more
connect timed out
Relevant discussions can be found on the Internet at:
	http://www.google.co.jp/search?q=56b1dad5 or
	http://www.google.co.jp/search?q=1fca685b
TwitterException{exceptionCode=[56b1dad5-1fca685b 56b1dad5-1fca6831], statusCode=-1, message=null, code=-1, retryAfter=-1, rateLimitStatus=null, version=3.0.3}
	at twitter4j.internal.http.HttpClientImpl.request(HttpClientImpl.java:192)
	at twitter4j.internal.http.HttpClientWrapper.request(HttpClientWrapper.java:61)
	at twitter4j.internal.http.HttpClientWrapper.post(HttpClientWrapper.java:98)
	at twitter4j.TwitterStreamImpl.getUserStream(TwitterStreamImpl.java:228)
	at twitter4j.TwitterStreamImpl$5.getStream(TwitterStreamImpl.java:200)
	at twitter4j.TwitterStreamImpl$TwitterStreamConsumer.run(TwitterStreamImpl.java:462)
Caused by: java.net.SocketTimeoutException: connect timed out
	at java.net.PlainSocketImpl.socketConnect(Native Method)
	at java.net.AbstractPlainSocketImpl.doConnect(AbstractPlainSocketImpl.java:327)
	at java.net.AbstractPlainSocketImpl.connectToAddress(AbstractPlainSocketImpl.java:193)
	at java.net.AbstractPlainSocketImpl.connect(AbstractPlainSocketImpl.java:180)
	at java.net.SocksSocketImpl.connect(SocksSocketImpl.java:384)
	at java.net.Socket.connect(Socket.java:546)
	at sun.security.ssl.SSLSocketImpl.connect(SSLSocketImpl.java:584)
	at sun.net.NetworkClient.doConnect(NetworkClient.java:173)
	at sun.net.www.http.HttpClient.openServer(HttpClient.java:409)
	at sun.net.www.http.HttpClient.openServer(HttpClient.java:530)
	at sun.net.www.protocol.https.HttpsClient.<init>(HttpsClient.java:275)
	at sun.net.www.protocol.https.HttpsClient.New(HttpsClient.java:332)
	at sun.net.www.protocol.https.AbstractDelegateHttpsURLConnection.getNewHttpClient(AbstractDelegateHttpsURLConnection.java:191)
	at sun.net.www.protocol.http.HttpURLConnection.plainConnect(HttpURLConnection.java:876)
	at sun.net.www.protocol.https.AbstractDelegateHttpsURLConnection.connect(AbstractDelegateHttpsURLConnection.java:177)
	at sun.net.www.protocol.http.HttpURLConnection.getOutputStream(HttpURLConnection.java:979)
	at sun.net.www.protocol.https.HttpsURLConnectionImpl.getOutputStream(HttpsURLConnectionImpl.java:250)
	at twitter4j.internal.http.HttpClientImpl.request(HttpClientImpl.java:150)
	... 5 more
Stream closed.
Relevant discussions can be found on the Internet at:
	http://www.google.co.jp/search?q=a8fd061d or
	http://www.google.co.jp/search?q=00070a0c
TwitterException{exceptionCode=[a8fd061d-00070a0c a8fd061d-0007099a], statusCode=-1, message=null, code=-1, retryAfter=-1, rateLimitStatus=null, version=3.0.3}
	at twitter4j.StatusStreamBase.handleNextElement(StatusStreamBase.java:199)
	at twitter4j.StatusStreamImpl.next(StatusStreamImpl.java:57)
	at twitter4j.TwitterStreamImpl$TwitterStreamConsumer.run(TwitterStreamImpl.java:478)
Caused by: java.net.SocketTimeoutException: Read timed out
	at java.net.SocketInputStream.socketRead0(Native Method)
	at java.net.SocketInputStream.read(SocketInputStream.java:146)
	at sun.security.ssl.InputRecord.readFully(InputRecord.java:312)
	at sun.security.ssl.InputRecord.read(InputRecord.java:350)
	at sun.security.ssl.SSLSocketImpl.readRecord(SSLSocketImpl.java:850)
	at sun.security.ssl.SSLSocketImpl.readDataRecord(SSLSocketImpl.java:807)
	at sun.security.ssl.AppInputStream.read(AppInputStream.java:94)
	at java.io.BufferedInputStream.fill(BufferedInputStream.java:235)
	at java.io.BufferedInputStream.read1(BufferedInputStream.java:275)
	at java.io.BufferedInputStream.read(BufferedInputStream.java:334)
	at java.io.FilterInputStream.read(FilterInputStream.java:133)
	at sun.net.www.protocol.http.HttpURLConnection$HttpInputStream.read(HttpURLConnection.java:2582)
	at sun.nio.cs.StreamDecoder.readBytes(StreamDecoder.java:282)
	at sun.nio.cs.StreamDecoder.implRead(StreamDecoder.java:324)
	at sun.nio.cs.StreamDecoder.read(StreamDecoder.java:176)
	at java.io.InputStreamReader.read(InputStreamReader.java:184)
	at java.io.BufferedReader.fill(BufferedReader.java:153)
	at java.io.BufferedReader.readLine(BufferedReader.java:316)
	at java.io.BufferedReader.readLine(BufferedReader.java:379)
	at twitter4j.StatusStreamBase.handleNextElement(StatusStreamBase.java:85)
	... 2 more
Stream closed.
Relevant discussions can be found on the Internet at:
	http://www.google.co.jp/search?q=a8fd061d or
	http://www.google.co.jp/search?q=00070a0c
TwitterException{exceptionCode=[a8fd061d-00070a0c a8fd061d-0007099a], statusCode=-1, message=null, code=-1, retryAfter=-1, rateLimitStatus=null, version=3.0.3}
	at twitter4j.StatusStreamBase.handleNextElement(StatusStreamBase.java:199)
	at twitter4j.StatusStreamImpl.next(StatusStreamImpl.java:57)
	at twitter4j.TwitterStreamImpl$TwitterStreamConsumer.run(TwitterStreamImpl.java:478)
Caused by: java.net.SocketTimeoutException: Read timed out
	at java.net.SocketInputStream.socketRead0(Native Method)
	at java.net.SocketInputStream.read(SocketInputStream.java:146)
	at sun.security.ssl.InputRecord.readFully(InputRecord.java:312)
	at sun.security.ssl.InputRecord.read(InputRecord.java:350)
	at sun.security.ssl.SSLSocketImpl.readRecord(SSLSocketImpl.java:850)
	at sun.security.ssl.SSLSocketImpl.readDataRecord(SSLSocketImpl.java:807)
	at sun.security.ssl.AppInputStream.read(AppInputStream.java:94)
	at java.io.BufferedInputStream.fill(BufferedInputStream.java:235)
	at java.io.BufferedInputStream.read1(BufferedInputStream.java:275)
	at java.io.BufferedInputStream.read(BufferedInputStream.java:334)
	at java.io.FilterInputStream.read(FilterInputStream.java:133)
	at sun.net.www.protocol.http.HttpURLConnection$HttpInputStream.read(HttpURLConnection.java:2582)
	at sun.nio.cs.StreamDecoder.readBytes(StreamDecoder.java:282)
	at sun.nio.cs.StreamDecoder.implRead(StreamDecoder.java:324)
	at sun.nio.cs.StreamDecoder.read(StreamDecoder.java:176)
	at java.io.InputStreamReader.read(InputStreamReader.java:184)
	at java.io.BufferedReader.fill(BufferedReader.java:153)
	at java.io.BufferedReader.readLine(BufferedReader.java:316)
	at java.io.BufferedReader.readLine(BufferedReader.java:379)
	at twitter4j.StatusStreamBase.handleNextElement(StatusStreamBase.java:85)
	... 2 more
connect timed out
Relevant discussions can be found on the Internet at:
	http://www.google.co.jp/search?q=56b1dad5 or
	http://www.google.co.jp/search?q=1fca685b
TwitterException{exceptionCode=[56b1dad5-1fca685b 56b1dad5-1fca6831], statusCode=-1, message=null, code=-1, retryAfter=-1, rateLimitStatus=null, version=3.0.3}
	at twitter4j.internal.http.HttpClientImpl.request(HttpClientImpl.java:192)
	at twitter4j.internal.http.HttpClientWrapper.request(HttpClientWrapper.java:61)
	at twitter4j.internal.http.HttpClientWrapper.post(HttpClientWrapper.java:98)
	at twitter4j.TwitterStreamImpl.getUserStream(TwitterStreamImpl.java:228)
	at twitter4j.TwitterStreamImpl$5.getStream(TwitterStreamImpl.java:200)
	at twitter4j.TwitterStreamImpl$TwitterStreamConsumer.run(TwitterStreamImpl.java:462)
Caused by: java.net.SocketTimeoutException: connect timed out
	at java.net.PlainSocketImpl.socketConnect(Native Method)
	at java.net.AbstractPlainSocketImpl.doConnect(AbstractPlainSocketImpl.java:327)
	at java.net.AbstractPlainSocketImpl.connectToAddress(AbstractPlainSocketImpl.java:193)
	at java.net.AbstractPlainSocketImpl.connect(AbstractPlainSocketImpl.java:180)
	at java.net.SocksSocketImpl.connect(SocksSocketImpl.java:384)
	at java.net.Socket.connect(Socket.java:546)
	at sun.security.ssl.SSLSocketImpl.connect(SSLSocketImpl.java:584)
	at sun.net.NetworkClient.doConnect(NetworkClient.java:173)
	at sun.net.www.http.HttpClient.openServer(HttpClient.java:409)
	at sun.net.www.http.HttpClient.openServer(HttpClient.java:530)
	at sun.net.www.protocol.https.HttpsClient.<init>(HttpsClient.java:275)
	at sun.net.www.protocol.https.HttpsClient.New(HttpsClient.java:332)
	at sun.net.www.protocol.https.AbstractDelegateHttpsURLConnection.getNewHttpClient(AbstractDelegateHttpsURLConnection.java:191)
	at sun.net.www.protocol.http.HttpURLConnection.plainConnect(HttpURLConnection.java:876)
	at sun.net.www.protocol.https.AbstractDelegateHttpsURLConnection.connect(AbstractDelegateHttpsURLConnection.java:177)
	at sun.net.www.protocol.http.HttpURLConnection.getOutputStream(HttpURLConnection.java:979)
	at sun.net.www.protocol.https.HttpsURLConnectionImpl.getOutputStream(HttpsURLConnectionImpl.java:250)
	at twitter4j.internal.http.HttpClientImpl.request(HttpClientImpl.java:150)
	... 5 more
2011年6月2日 - 可決が有力視された菅内閣に対する内閣不信任案について、菅直人首相が「大震災に取り組むことに一定のめど」がついた段階で退陣を表明したため、否決される。 [2013-06-02 06:00:59]
1916年6月3日 - アメリカで国家防衛法が成立する。正規軍、州兵が強化される。 [2013-06-03 06:00:06]
2010年6月4日 - 2010年6月民主党代表選挙が行われ、新代表に菅直人を選出。同日の国会での首班指名で第94代内閣総理大臣に菅直人を指名。 [2013-06-04 06:00:11]
70年6月5日 - エルサレム攻囲戦 (70年): ティトゥス率いるローマ軍がエルサレムの中間城壁を破壊。 [2013-06-05 06:00:17]
Stream closed.
Relevant discussions can be found on the Internet at:
	http://www.google.co.jp/search?q=a8fd061d or
	http://www.google.co.jp/search?q=00070a0c
TwitterException{exceptionCode=[a8fd061d-00070a0c a8fd061d-0007099d], statusCode=-1, message=null, code=-1, retryAfter=-1, rateLimitStatus=null, version=3.0.3}
	at twitter4j.StatusStreamBase.handleNextElement(StatusStreamBase.java:199)
	at twitter4j.StatusStreamImpl.next(StatusStreamImpl.java:57)
	at twitter4j.TwitterStreamImpl$TwitterStreamConsumer.run(TwitterStreamImpl.java:478)
Caused by: java.io.IOException: the end of the stream has been reached
	at twitter4j.StatusStreamBase.handleNextElement(StatusStreamBase.java:88)
	... 2 more
Stream closed.
Relevant discussions can be found on the Internet at:
	http://www.google.co.jp/search?q=a8fd061d or
	http://www.google.co.jp/search?q=00070a0c
TwitterException{exceptionCode=[a8fd061d-00070a0c a8fd061d-0007099d], statusCode=-1, message=null, code=-1, retryAfter=-1, rateLimitStatus=null, version=3.0.3}
	at twitter4j.StatusStreamBase.handleNextElement(StatusStreamBase.java:199)
	at twitter4j.StatusStreamImpl.next(StatusStreamImpl.java:57)
	at twitter4j.TwitterStreamImpl$TwitterStreamConsumer.run(TwitterStreamImpl.java:478)
Caused by: java.io.IOException: the end of the stream has been reached
	at twitter4j.StatusStreamBase.handleNextElement(StatusStreamBase.java:88)
	... 2 more
1935年6月7日 - スタンリー・ボールドウィンがイギリスの第59代首相に就任し、挙国一致の第3次ボールドウィン内閣（英語版）が発足。 [2013-06-07 06:00:25]
1862年6月8日 - 日本二十六聖人が列聖される。 [2013-06-08 06:00:30]
1973年6月9日 - アメリカの競走馬セクレタリアトがアメリカクラシック三冠を達成。 [2013-06-09 06:00:36]
1997年6月10日 - ポル・ポトがソン・セン国防相とその家族の殺害を命令。 [2013-06-10 06:00:41]
1939年6月11日 - アメリカ野球殿堂博物館創設。 [2013-06-11 06:00:46]
Stream closed.
Relevant discussions can be found on the Internet at:
	http://www.google.co.jp/search?q=a8fd061d or
	http://www.google.co.jp/search?q=00070a0c
TwitterException{exceptionCode=[a8fd061d-00070a0c a8fd061d-0007099d], statusCode=-1, message=null, code=-1, retryAfter=-1, rateLimitStatus=null, version=3.0.3}
	at twitter4j.StatusStreamBase.handleNextElement(StatusStreamBase.java:199)
	at twitter4j.StatusStreamImpl.next(StatusStreamImpl.java:57)
	at twitter4j.TwitterStreamImpl$TwitterStreamConsumer.run(TwitterStreamImpl.java:478)
Caused by: java.io.IOException: the end of the stream has been reached
	at twitter4j.StatusStreamBase.handleNextElement(StatusStreamBase.java:88)
	... 2 more
Stream closed.
Relevant discussions can be found on the Internet at:
	http://www.google.co.jp/search?q=a8fd061d or
	http://www.google.co.jp/search?q=00070a0c
TwitterException{exceptionCode=[a8fd061d-00070a0c a8fd061d-0007099d], statusCode=-1, message=null, code=-1, retryAfter=-1, rateLimitStatus=null, version=3.0.3}
	at twitter4j.StatusStreamBase.handleNextElement(StatusStreamBase.java:199)
	at twitter4j.StatusStreamImpl.next(StatusStreamImpl.java:57)
	at twitter4j.TwitterStreamImpl$TwitterStreamConsumer.run(TwitterStreamImpl.java:478)
Caused by: java.io.IOException: the end of the stream has been reached
	at twitter4j.StatusStreamBase.handleNextElement(StatusStreamBase.java:88)
	... 2 more
503:The Twitter servers are up, but overloaded with requests. Try again later.
Server overloaded, try again in a few seconds

Relevant discussions can be found on the Internet at:
	http://www.google.co.jp/search?q=56b1dad5 or
	http://www.google.co.jp/search?q=1fca684c
TwitterException{exceptionCode=[56b1dad5-1fca684c], statusCode=503, message=null, code=-1, retryAfter=-1, rateLimitStatus=null, version=3.0.3}
	at twitter4j.internal.http.HttpClientImpl.request(HttpClientImpl.java:177)
	at twitter4j.internal.http.HttpClientWrapper.request(HttpClientWrapper.java:61)
	at twitter4j.internal.http.HttpClientWrapper.post(HttpClientWrapper.java:98)
	at twitter4j.TwitterStreamImpl.getUserStream(TwitterStreamImpl.java:228)
	at twitter4j.TwitterStreamImpl$5.getStream(TwitterStreamImpl.java:200)
	at twitter4j.TwitterStreamImpl$TwitterStreamConsumer.run(TwitterStreamImpl.java:462)
Stream closed.
Relevant discussions can be found on the Internet at:
	http://www.google.co.jp/search?q=a8fd061d or
	http://www.google.co.jp/search?q=00070a0c
TwitterException{exceptionCode=[a8fd061d-00070a0c a8fd061d-0007099a], statusCode=-1, message=null, code=-1, retryAfter=-1, rateLimitStatus=null, version=3.0.3}
	at twitter4j.StatusStreamBase.handleNextElement(StatusStreamBase.java:199)
	at twitter4j.StatusStreamImpl.next(StatusStreamImpl.java:57)
	at twitter4j.TwitterStreamImpl$TwitterStreamConsumer.run(TwitterStreamImpl.java:478)
Caused by: java.net.SocketTimeoutException: Read timed out
	at java.net.SocketInputStream.socketRead0(Native Method)
	at java.net.SocketInputStream.read(SocketInputStream.java:146)
	at sun.security.ssl.InputRecord.readFully(InputRecord.java:312)
	at sun.security.ssl.InputRecord.read(InputRecord.java:350)
	at sun.security.ssl.SSLSocketImpl.readRecord(SSLSocketImpl.java:850)
	at sun.security.ssl.SSLSocketImpl.readDataRecord(SSLSocketImpl.java:807)
	at sun.security.ssl.AppInputStream.read(AppInputStream.java:94)
	at java.io.BufferedInputStream.fill(BufferedInputStream.java:235)
	at java.io.BufferedInputStream.read1(BufferedInputStream.java:275)
	at java.io.BufferedInputStream.read(BufferedInputStream.java:334)
	at java.io.FilterInputStream.read(FilterInputStream.java:133)
	at sun.net.www.protocol.http.HttpURLConnection$HttpInputStream.read(HttpURLConnection.java:2582)
	at sun.nio.cs.StreamDecoder.readBytes(StreamDecoder.java:282)
	at sun.nio.cs.StreamDecoder.implRead(StreamDecoder.java:324)
	at sun.nio.cs.StreamDecoder.read(StreamDecoder.java:176)
	at java.io.InputStreamReader.read(InputStreamReader.java:184)
	at java.io.BufferedReader.fill(BufferedReader.java:153)
	at java.io.BufferedReader.readLine(BufferedReader.java:316)
	at java.io.BufferedReader.readLine(BufferedReader.java:379)
	at twitter4j.StatusStreamBase.handleNextElement(StatusStreamBase.java:85)
	... 2 more
Stream closed.
Relevant discussions can be found on the Internet at:
	http://www.google.co.jp/search?q=a8fd061d or
	http://www.google.co.jp/search?q=00070a0c
TwitterException{exceptionCode=[a8fd061d-00070a0c a8fd061d-0007099a], statusCode=-1, message=null, code=-1, retryAfter=-1, rateLimitStatus=null, version=3.0.3}
	at twitter4j.StatusStreamBase.handleNextElement(StatusStreamBase.java:199)
	at twitter4j.StatusStreamImpl.next(StatusStreamImpl.java:57)
	at twitter4j.TwitterStreamImpl$TwitterStreamConsumer.run(TwitterStreamImpl.java:478)
Caused by: java.net.SocketTimeoutException: Read timed out
	at java.net.SocketInputStream.socketRead0(Native Method)
	at java.net.SocketInputStream.read(SocketInputStream.java:146)
	at sun.security.ssl.InputRecord.readFully(InputRecord.java:312)
	at sun.security.ssl.InputRecord.read(InputRecord.java:350)
	at sun.security.ssl.SSLSocketImpl.readRecord(SSLSocketImpl.java:850)
	at sun.security.ssl.SSLSocketImpl.readDataRecord(SSLSocketImpl.java:807)
	at sun.security.ssl.AppInputStream.read(AppInputStream.java:94)
	at java.io.BufferedInputStream.fill(BufferedInputStream.java:235)
	at java.io.BufferedInputStream.read1(BufferedInputStream.java:275)
	at java.io.BufferedInputStream.read(BufferedInputStream.java:334)
	at java.io.FilterInputStream.read(FilterInputStream.java:133)
	at sun.net.www.protocol.http.HttpURLConnection$HttpInputStream.read(HttpURLConnection.java:2582)
	at sun.nio.cs.StreamDecoder.readBytes(StreamDecoder.java:282)
	at sun.nio.cs.StreamDecoder.implRead(StreamDecoder.java:324)
	at sun.nio.cs.StreamDecoder.read(StreamDecoder.java:176)
	at java.io.InputStreamReader.read(InputStreamReader.java:184)
	at java.io.BufferedReader.fill(BufferedReader.java:153)
	at java.io.BufferedReader.readLine(BufferedReader.java:316)
	at java.io.BufferedReader.readLine(BufferedReader.java:379)
	at twitter4j.StatusStreamBase.handleNextElement(StatusStreamBase.java:85)
	... 2 more
connect timed out
Relevant discussions can be found on the Internet at:
	http://www.google.co.jp/search?q=56b1dad5 or
	http://www.google.co.jp/search?q=1fca685b
TwitterException{exceptionCode=[56b1dad5-1fca685b 56b1dad5-1fca6831], statusCode=-1, message=null, code=-1, retryAfter=-1, rateLimitStatus=null, version=3.0.3}
	at twitter4j.internal.http.HttpClientImpl.request(HttpClientImpl.java:192)
	at twitter4j.internal.http.HttpClientWrapper.request(HttpClientWrapper.java:61)
	at twitter4j.internal.http.HttpClientWrapper.post(HttpClientWrapper.java:98)
	at twitter4j.TwitterStreamImpl.getUserStream(TwitterStreamImpl.java:228)
	at twitter4j.TwitterStreamImpl$5.getStream(TwitterStreamImpl.java:200)
	at twitter4j.TwitterStreamImpl$TwitterStreamConsumer.run(TwitterStreamImpl.java:462)
Caused by: java.net.SocketTimeoutException: connect timed out
	at java.net.PlainSocketImpl.socketConnect(Native Method)
	at java.net.AbstractPlainSocketImpl.doConnect(AbstractPlainSocketImpl.java:327)
	at java.net.AbstractPlainSocketImpl.connectToAddress(AbstractPlainSocketImpl.java:193)
	at java.net.AbstractPlainSocketImpl.connect(AbstractPlainSocketImpl.java:180)
	at java.net.SocksSocketImpl.connect(SocksSocketImpl.java:384)
	at java.net.Socket.connect(Socket.java:546)
	at sun.security.ssl.SSLSocketImpl.connect(SSLSocketImpl.java:584)
	at sun.net.NetworkClient.doConnect(NetworkClient.java:173)
	at sun.net.www.http.HttpClient.openServer(HttpClient.java:409)
	at sun.net.www.http.HttpClient.openServer(HttpClient.java:530)
	at sun.net.www.protocol.https.HttpsClient.<init>(HttpsClient.java:275)
	at sun.net.www.protocol.https.HttpsClient.New(HttpsClient.java:332)
	at sun.net.www.protocol.https.AbstractDelegateHttpsURLConnection.getNewHttpClient(AbstractDelegateHttpsURLConnection.java:191)
	at sun.net.www.protocol.http.HttpURLConnection.plainConnect(HttpURLConnection.java:876)
	at sun.net.www.protocol.https.AbstractDelegateHttpsURLConnection.connect(AbstractDelegateHttpsURLConnection.java:177)
	at sun.net.www.protocol.http.HttpURLConnection.getOutputStream(HttpURLConnection.java:979)
	at sun.net.www.protocol.https.HttpsURLConnectionImpl.getOutputStream(HttpsURLConnectionImpl.java:250)
	at twitter4j.internal.http.HttpClientImpl.request(HttpClientImpl.java:150)
	... 5 more
1965年6月12日 - 家永教科書裁判。東京教育大教授・家永三郎が自著の高校日本史教科書の検定を違憲として国に損害賠償請求。終結まで32年。 [2013-06-12 06:00:51]
java.io.IOException: Cannot run program "sh": java.io.IOException: error=12, Cannot allocate memory
	at java.lang.ProcessBuilder.start(ProcessBuilder.java:475)
	at java.lang.Runtime.exec(Runtime.java:610)
	at java.lang.Runtime.exec(Runtime.java:483)
	at jline.UnixTerminal.exec(UnixTerminal.java:292)
	at jline.UnixTerminal.stty(UnixTerminal.java:268)
	at jline.UnixTerminal.initializeTerminal(UnixTerminal.java:71)
	at jline.Terminal.setupTerminal(Terminal.java:75)
	at jline.Terminal.getTerminal(Terminal.java:26)
	at sbt.ConsoleLogger$.ansiSupported(ConsoleLogger.scala:39)
	at sbt.ConsoleLogger$.<init>(ConsoleLogger.scala:34)
	at sbt.ConsoleLogger$.<clinit>(ConsoleLogger.scala)
	at sbt.GlobalLogging$.initial(GlobalLogging.scala:24)
	at sbt.StandardMain$.initialGlobalLogging(Main.scala:57)
	at sbt.StandardMain$.initialState(Main.scala:54)
	at sbt.xMain.run(Main.scala:26)
	at xsbt.boot.Launch$.run(Launch.scala:55)
	at xsbt.boot.Launch$$anonfun$explicit$1.apply(Launch.scala:45)
	at xsbt.boot.Launch$.launch(Launch.scala:69)
	at xsbt.boot.Launch$.apply(Launch.scala:16)
	at xsbt.boot.Boot$.runImpl(Boot.scala:31)
	at xsbt.boot.Boot$.main(Boot.scala:20)
	at xsbt.boot.Boot.main(Boot.scala)
Caused by: java.io.IOException: java.io.IOException: error=12, Cannot allocate memory
	at java.lang.UNIXProcess.<init>(UNIXProcess.java:164)
	at java.lang.ProcessImpl.start(ProcessImpl.java:81)
	at java.lang.ProcessBuilder.start(ProcessBuilder.java:468)
	... 21 more
[0m[[0minfo[0m] [0mLoading project definition from /home/joe/nukokusa_bot/project[0m
[0m[[0minfo[0m] [0mSet current project to Nukokusa Bot (in build file:/home/joe/nukokusa_bot/)[0m
[0m[[0minfo[0m] [0mCompiling 1 Scala source to /home/joe/nukokusa_bot/target/scala-2.10/classes...[0m
[0m[[31merror[0m] [0m/home/joe/nukokusa_bot/src/main/scala/NukokusaBot.scala:107: not found: value UsersResources[0m
[0m[[31merror[0m] [0m        val statusUpdate = new StatusUpdate(text).inReplyToStatusId(UsersResources.showUser(buyerName).getId());[0m
[0m[[31merror[0m] [0m                                                                    ^[0m
[0m[[31merror[0m] [0mone error found[0m
[0m[[31merror[0m] [0m(compile:[31mcompile[0m) Compilation failed[0m
[0m[[31merror[0m] [0mTotal time: 25 s, completed 2013/06/13 1:07:26[0m
java.io.IOException: Cannot run program "sh": java.io.IOException: error=12, Cannot allocate memory
	at java.lang.ProcessBuilder.start(ProcessBuilder.java:475)
	at java.lang.Runtime.exec(Runtime.java:610)
	at java.lang.Runtime.exec(Runtime.java:483)
	at jline.UnixTerminal.exec(UnixTerminal.java:292)
	at jline.UnixTerminal.stty(UnixTerminal.java:268)
	at jline.UnixTerminal.initializeTerminal(UnixTerminal.java:71)
	at jline.Terminal.setupTerminal(Terminal.java:75)
	at jline.Terminal.getTerminal(Terminal.java:26)
	at sbt.ConsoleLogger$.ansiSupported(ConsoleLogger.scala:39)
	at sbt.ConsoleLogger$.<init>(ConsoleLogger.scala:34)
	at sbt.ConsoleLogger$.<clinit>(ConsoleLogger.scala)
	at sbt.GlobalLogging$.initial(GlobalLogging.scala:24)
	at sbt.StandardMain$.initialGlobalLogging(Main.scala:57)
	at sbt.StandardMain$.initialState(Main.scala:54)
	at sbt.xMain.run(Main.scala:26)
	at xsbt.boot.Launch$.run(Launch.scala:55)
	at xsbt.boot.Launch$$anonfun$explicit$1.apply(Launch.scala:45)
	at xsbt.boot.Launch$.launch(Launch.scala:69)
	at xsbt.boot.Launch$.apply(Launch.scala:16)
	at xsbt.boot.Boot$.runImpl(Boot.scala:31)
	at xsbt.boot.Boot$.main(Boot.scala:20)
	at xsbt.boot.Boot.main(Boot.scala)
Caused by: java.io.IOException: java.io.IOException: error=12, Cannot allocate memory
	at java.lang.UNIXProcess.<init>(UNIXProcess.java:164)
	at java.lang.ProcessImpl.start(ProcessImpl.java:81)
	at java.lang.ProcessBuilder.start(ProcessBuilder.java:468)
	... 21 more
[0m[[0minfo[0m] [0mLoading project definition from /home/joe/nukokusa_bot/project[0m
[0m[[0minfo[0m] [0mSet current project to Nukokusa Bot (in build file:/home/joe/nukokusa_bot/)[0m
[0m[[0minfo[0m] [0mCompiling 1 Scala source to /home/joe/nukokusa_bot/target/scala-2.10/classes...[0m
[0m[[0minfo[0m] [0mRunning jp.nukokusabot.Main [0m
10:06:50,567 |-INFO in ch.qos.logback.classic.LoggerContext[default] - Could NOT find resource [logback.groovy]
10:06:50,568 |-INFO in ch.qos.logback.classic.LoggerContext[default] - Could NOT find resource [logback-test.xml]
10:06:50,568 |-INFO in ch.qos.logback.classic.LoggerContext[default] - Found resource [logback.xml] at [file:/home/joe/nukokusa_bot/target/scala-2.10/classes/logback.xml]
10:06:51,007 |-INFO in ch.qos.logback.classic.joran.action.ConfigurationAction - debug attribute not set
10:06:51,014 |-ERROR in ch.qos.logback.core.util.ContextUtil@784654f6 - Failed to get local hostname java.net.UnknownHostException: dti-vps-srv89: dti-vps-srv89
	at java.net.UnknownHostException: dti-vps-srv89: dti-vps-srv89
	at 	at java.net.InetAddress.getLocalHost(InetAddress.java:1426)
	at 	at ch.qos.logback.core.util.ContextUtil.getLocalHostName(ContextUtil.java:32)
	at 	at ch.qos.logback.core.util.ContextUtil.addHostNameAsProperty(ContextUtil.java:41)
	at 	at ch.qos.logback.classic.joran.action.ConfigurationAction.begin(ConfigurationAction.java:56)
	at 	at ch.qos.logback.core.joran.spi.Interpreter.callBeginAction(Interpreter.java:276)
	at 	at ch.qos.logback.core.joran.spi.Interpreter.startElement(Interpreter.java:148)
	at 	at ch.qos.logback.core.joran.spi.Interpreter.startElement(Interpreter.java:130)
	at 	at ch.qos.logback.core.joran.spi.EventPlayer.play(EventPlayer.java:50)
	at 	at ch.qos.logback.core.joran.GenericConfigurator.doConfigure(GenericConfigurator.java:157)
	at 	at ch.qos.logback.core.joran.GenericConfigurator.doConfigure(GenericConfigurator.java:143)
	at 	at ch.qos.logback.core.joran.GenericConfigurator.doConfigure(GenericConfigurator.java:106)
	at 	at ch.qos.logback.core.joran.GenericConfigurator.doConfigure(GenericConfigurator.java:56)
	at 	at ch.qos.logback.classic.util.ContextInitializer.configureByResource(ContextInitializer.java:75)
	at 	at ch.qos.logback.classic.util.ContextInitializer.autoConfig(ContextInitializer.java:148)
	at 	at org.slf4j.impl.StaticLoggerBinder.init(StaticLoggerBinder.java:85)
	at 	at org.slf4j.impl.StaticLoggerBinder.<clinit>(StaticLoggerBinder.java:55)
	at 	at java.lang.Class.forName0(Native Method)
	at 	at java.lang.Class.forName(Class.java:186)
	at 	at twitter4j.internal.logging.Logger.getLoggerFactoryIfAvailable(Logger.java:82)
	at 	at twitter4j.internal.logging.Logger.<clinit>(Logger.java:50)
	at 	at twitter4j.auth.OAuthAuthorization.<clinit>(OAuthAuthorization.java:46)
	at 	at twitter4j.auth.AuthorizationFactory.getInstance(AuthorizationFactory.java:40)
	at 	at twitter4j.TwitterFactory.<clinit>(TwitterFactory.java:39)
	at 	at jp.nukokusabot.NukokusaBot.<init>(NukokusaBot.scala:11)
	at 	at jp.nukokusabot.Main$.main(Main.scala:7)
	at 	at jp.nukokusabot.Main.main(Main.scala)
	at 	at sun.reflect.NativeMethodAccessorImpl.invoke0(Native Method)
	at 	at sun.reflect.NativeMethodAccessorImpl.invoke(NativeMethodAccessorImpl.java:57)
	at 	at sun.reflect.DelegatingMethodAccessorImpl.invoke(DelegatingMethodAccessorImpl.java:43)
	at 	at java.lang.reflect.Method.invoke(Method.java:616)
	at 	at sbt.Run.invokeMain(Run.scala:68)
	at 	at sbt.Run.run0(Run.scala:61)
	at 	at sbt.Run.execute$1(Run.scala:50)
	at 	at sbt.Run$$anonfun$run$1.apply$mcV$sp(Run.scala:54)
	at 	at sbt.TrapExit$.executeMain$1(TrapExit.scala:33)
	at 	at sbt.TrapExit$$anon$1.run(TrapExit.scala:42)
10:06:51,014 |-INFO in ch.qos.logback.core.joran.action.AppenderAction - About to instantiate appender of type [ch.qos.logback.core.rolling.RollingFileAppender]
10:06:51,036 |-INFO in ch.qos.logback.core.joran.action.AppenderAction - Naming appender as [logfile]
10:06:51,157 |-ERROR in ch.qos.logback.core.joran.spi.Interpreter@5:15 - no applicable action for [Encoding], current pattern is [[configuration][appender][Encoding]]
10:06:51,279 |-INFO in c.q.l.core.rolling.TimeBasedRollingPolicy - No compression will be used
10:06:51,282 |-INFO in c.q.l.core.rolling.TimeBasedRollingPolicy - Will use the pattern log/nb.%d.log for the active file
10:06:51,313 |-INFO in c.q.l.core.rolling.DefaultTimeBasedFileNamingAndTriggeringPolicy - The date pattern is 'yyyy-MM-dd' from file name pattern 'log/nb.%d.log'.
10:06:51,313 |-INFO in c.q.l.core.rolling.DefaultTimeBasedFileNamingAndTriggeringPolicy - Roll-over at midnight.
10:06:51,325 |-INFO in c.q.l.core.rolling.DefaultTimeBasedFileNamingAndTriggeringPolicy - Setting initial period to Wed Jun 12 06:00:51 JST 2013
10:06:51,489 |-WARN in ch.qos.logback.core.rolling.RollingFileAppender[logfile] - This appender no longer admits a layout as a sub-component, set an encoder instead.
10:06:51,489 |-WARN in ch.qos.logback.core.rolling.RollingFileAppender[logfile] - To ensure compatibility, wrapping your layout in LayoutWrappingEncoder.
10:06:51,489 |-WARN in ch.qos.logback.core.rolling.RollingFileAppender[logfile] - See also http://logback.qos.ch/codes.html#layoutInsteadOfEncoder for details
10:06:51,520 |-INFO in ch.qos.logback.core.rolling.RollingFileAppender[logfile] - Active log file name: log/nb.log
10:06:51,520 |-INFO in ch.qos.logback.core.rolling.RollingFileAppender[logfile] - File property is set to [log/nb.log]
10:06:51,523 |-INFO in ch.qos.logback.classic.joran.action.LevelAction - ROOT level set to INFO
10:06:51,523 |-INFO in ch.qos.logback.core.joran.action.AppenderRefAction - Attaching appender named [logfile] to Logger[ROOT]
10:06:51,524 |-INFO in ch.qos.logback.classic.joran.action.ConfigurationAction - End of configuration.
10:06:51,527 |-INFO in ch.qos.logback.classic.joran.JoranConfigurator@1eebcf2d - Registering current configuration as safe fallback point

1987年6月14日 - マドンナの初来日公演が大阪市中央区難波の大阪球場からスタート。 [2013-06-14 06:00:56]
